1346343885518|-1||debug||com.p6spy.engine.common.P6SpyOptions reloading properties
1346343885520|-1||info||Using properties file: C:\Users\PC\Documents\NetBeansProjects\POP\poptavka-web\target\poptavka\WEB-INF\classes\spy.properties
1346343885520|-1||info||No value in environment for: getStackTrace, using: false
1346343885520|-1||info||No value in environment for: getAppender, using: com.p6spy.engine.logging.appender.FileLogger
1346343885520|-1||info||No value in environment for: getFilter, using: false
1346343885520|-1||info||No value in environment for: getAppend, using: true
1346343885520|-1||info||No value in environment for: getDeregisterDrivers, using: true
1346343885520|-1||info||No value in environment for: getUsePrefix, using: false
1346343885521|-1||info||No value in environment for: getExecutionThreshold, using: 0
1346343885521|-1||info||No value in environment for: getAutoflush, using: false
1346343885521|-1||info||No value in environment for: getExclude, using: null
1346343885521|-1||info||No value in environment for: getExcludecategories, using: debug,info,batch,result
1346343885521|-1||info||No value in environment for: getInclude, using: null
1346343885521|-1||info||No value in environment for: getIncludecategories, using: null
1346343885521|-1||info||No value in environment for: getLogfile, using: spy.log
1346343885521|-1||info||No value in environment for: getRealdriver, using: com.mysql.jdbc.Driver
1346343885521|-1||info||No value in environment for: getRealdriver2, using: org.h2.Driver
1346343885521|-1||info||No value in environment for: getRealdriver3, using: null
1346343885521|-1||info||No value in environment for: getSpydriver, using: com.p6spy.engine.spy.P6SpyDriver
1346343885521|-1||info||No value in environment for: getDateformat, using: null
1346343885521|-1||info||No value in environment for: getDateformatter, using: null
1346343885521|-1||info||No value in environment for: getStringmatcher, using: com.p6spy.engine.common.SubstringMatcher
1346343885521|-1||info||No value in environment for: getStringMatcherEngine, using: com.p6spy.engine.common.SubstringMatcher@465da37c
1346343885521|-1||info||No value in environment for: getStackTraceClass, using: null
1346343885521|-1||info||No value in environment for: getSQLExpression, using: null
1346343885521|-1||info||No value in environment for: getReloadProperties, using: false
1346343885521|-1||info||No value in environment for: getReloadPropertiesInterval, using: -1
1346343885521|-1||info||No value in environment for: getJNDIContextFactory, using: null
1346343885521|-1||info||No value in environment for: getJNDIContextProviderURL, using: null
1346343885521|-1||info||No value in environment for: getJNDIContextCustom, using: null
1346343885521|-1||info||No value in environment for: getRealDataSource, using: null
1346343885521|-1||info||No value in environment for: getRealDataSourceClass, using: null
1346343885521|-1||info||No value in environment for: getRealDataSourceProperties, using: null
1346343886927|1|7|statement||drop table AccessRole if exists
1346343886927|0|7|statement||drop table Action if exists
1346343886927|0|7|statement||drop table ActivationEmail if exists
1346343886927|0|7|statement||drop table AdditionalInfo if exists
1346343886927|0|7|statement||drop table Address if exists
1346343886927|0|7|statement||drop table Advice if exists
1346343886928|0|7|statement||drop table BasicAuditInfo if exists
1346343886928|0|7|statement||drop table BusinessUser if exists
1346343886928|0|7|statement||drop table BusinessUserData if exists
1346343886928|0|7|statement||drop table BusinessUserData_AUD if exists
1346343886928|0|7|statement||drop table BusinessUserRole if exists
1346343886928|0|7|statement||drop table BusinessUserRole_AUD if exists
1346343886928|0|7|statement||drop table BusinessUser_AUD if exists
1346343886928|0|7|statement||drop table BusinessUser_Address if exists
1346343886929|1|7|statement||drop table BusinessUser_Invoice if exists
1346343886929|0|7|statement||drop table Category if exists
1346343886929|0|7|statement||drop table Client if exists
1346343886929|0|7|statement||drop table Client_AUD if exists
1346343886929|0|7|statement||drop table DEMAND_CATEGORY if exists
1346343886929|0|7|statement||drop table DEMAND_EXCLUDED_SUPPLIER if exists
1346343886929|0|7|statement||drop table DEMAND_EXCLUDED_SUPPLIER_AUD if exists
1346343886930|0|7|statement||drop table DEMAND_LOCALITY if exists
1346343886930|0|7|statement||drop table DEMAND_SUPPLIER if exists
1346343886930|0|7|statement||drop table Demand if exists
1346343886930|0|7|statement||drop table DemandOrigin if exists
1346343886930|0|7|statement||drop table DemandType if exists
1346343886930|0|7|statement||drop table DemandType_AUD if exists
1346343886930|0|7|statement||drop table Demand_AUD if exists
1346343886931|1|7|statement||drop table Invoice if exists
1346343886931|0|7|statement||drop table Invoice_UserService if exists
1346343886931|0|7|statement||drop table Locality if exists
1346343886931|0|7|statement||drop table Message if exists
1346343886931|0|7|statement||drop table MessageUserRole if exists
1346343886931|0|7|statement||drop table Notification if exists
1346343886932|1|7|statement||drop table NotificationItem if exists
1346343886932|0|7|statement||drop table Offer if exists
1346343886932|0|7|statement||drop table OfferState if exists
1346343886932|0|7|statement||drop table OurPaymentDetails if exists
1346343886932|0|7|statement||drop table OurPaymentDetails_AUD if exists
1346343886932|0|7|statement||drop table Partner if exists
1346343886932|0|7|statement||drop table Partner_AUD if exists
1346343886933|0|7|statement||drop table PaymentMethod if exists
1346343886933|0|7|statement||drop table Permission if exists
1346343886933|0|7|statement||drop table Preference if exists
1346343886933|0|7|statement||drop table Preference_AUD if exists
1346343886933|0|7|statement||drop table Problem if exists
1346343886933|0|7|statement||drop table Problem_AUD if exists
1346343886933|0|7|statement||drop table REVINFO if exists
1346343886934|1|7|statement||drop table Rating if exists
1346343886934|0|7|statement||drop table SUPPLIER_CATEGORY if exists
1346343886934|0|7|statement||drop table SUPPLIER_LOCALITY if exists
1346343886934|0|7|statement||drop table Service if exists
1346343886934|0|7|statement||drop table SettingsT if exists
1346343886934|0|7|statement||drop table Supplier if exists
1346343886935|0|7|statement||drop table SupplierBlacklist if exists
1346343886935|0|7|statement||drop table SupplierBlacklist_Supplier if exists
1346343886935|0|7|statement||drop table Supplier_AUD if exists
1346343886935|0|7|statement||drop table Template if exists
1346343886935|0|7|statement||drop table UserContact if exists
1346343886935|0|7|statement||drop table UserMessage if exists
1346343886936|0|7|statement||drop table UserService if exists
1346343886936|0|7|statement||drop table UserService_AUD if exists
1346343886936|0|7|statement||drop table UserT if exists
1346343886936|0|7|statement||drop table UserT_AUD if exists
1346343886936|0|7|statement||drop table UserT_AccessRole if exists
1346343886936|0|7|statement||drop table access_role_permission if exists
1346343886941|5|7|statement||create table AccessRole (id bigint generated by default as identity, code varchar(64), description varchar(255), name varchar(64), primary key (id))
1346343886942|0|7|statement||create table Action (id bigint generated by default as identity, code varchar(255), description varchar(255), name varchar(255), primary key (id))
1346343886943|1|7|statement||create table ActivationEmail (id bigint generated by default as identity, activationLink varchar(255), validTo timestamp, primary key (id))
1346343886944|0|7|statement||create table AdditionalInfo (id bigint generated by default as identity, demandsCount bigint, suppliersCount bigint, primary key (id))
1346343886945|0|7|statement||create table Address (id bigint generated by default as identity, addressType varchar(64), flatNum varchar(255), houseNum varchar(255), street varchar(255) not null, zipCode varchar(255), city_id bigint, primary key (id))
1346343886947|1|7|statement||create table Advice (id bigint generated by default as identity, bankCode varchar(8), bounty decimal(19,2), paymentDate date, recognized BIT, remitterAccount varchar(24), remitterName varchar(255), remitterSurname varchar(255), variableSymbol varchar(10), invoice_id bigint, primary key (id))
1346343886948|1|7|statement||create table BasicAuditInfo (id bigint generated by default as identity, insertTime timestamp, modificationTime timestamp, status varchar(255), userIdCreated bigint, userIdModified bigint, primary key (id))
1346343886948|0|7|statement||create table BusinessUser (businessType varchar(64), id bigint not null, businessUserData_id bigint not null, primary key (id))
1346343886949|1|7|statement||create table BusinessUserData (id bigint generated by default as identity, companyName varchar(255), description varchar(255), identificationNumber varchar(16), personFirstName varchar(64) not null, personLastName varchar(64) not null, phone varchar(20), taxId varchar(16), website varchar(255), primary key (id))
1346343886950|1|7|statement||create table BusinessUserData_AUD (id bigint not null, REV integer not null, REVTYPE tinyint, companyName varchar(255), identificationNumber varchar(16), personFirstName varchar(64), personLastName varchar(64), phone varchar(20), taxId varchar(16), website varchar(255), primary key (id, REV))
1346343886951|1|7|statement||create table BusinessUserRole (id bigint generated by default as identity, verification varchar(64), businessUser_id bigint, primary key (id))
1346343886951|0|7|statement||create table BusinessUserRole_AUD (id bigint not null, REV integer not null, REVTYPE tinyint, verification varchar(64), businessUser_id bigint, primary key (id, REV))
1346343886952|0|7|statement||create table BusinessUser_AUD (id bigint not null, REV integer not null, businessType varchar(64), businessUserData_id bigint, primary key (id, REV))
1346343886952|0|7|statement||create table BusinessUser_Address (BusinessUser_id bigint not null, addresses_id bigint not null, unique (addresses_id))
1346343886953|1|7|statement||create table BusinessUser_Invoice (BusinessUser_id bigint not null, invoices_id bigint not null, unique (invoices_id))
1346343886953|0|7|statement||create table Category (id bigint generated by default as identity, leftBound bigint, level integer not null, rightBound bigint, code varchar(64), description varchar(255), name varchar(64), additionalInfo_id bigint, parent_id bigint, template_id bigint, primary key (id))
1346343886954|0|7|statement||create table Client (overalRating integer, id bigint not null, primary key (id))
1346343886954|0|7|statement||create table Client_AUD (id bigint not null, REV integer not null, overalRating integer, primary key (id, REV))
1346343886955|1|7|statement||create table DEMAND_CATEGORY (id bigint generated by default as identity, category_id bigint, demand_id bigint, primary key (id))
1346343886955|0|7|statement||create table DEMAND_EXCLUDED_SUPPLIER (DEMAND_ID bigint not null, SUPPLIER_ID bigint not null)
1346343886956|1|7|statement||create table DEMAND_EXCLUDED_SUPPLIER_AUD (REV integer not null, DEMAND_ID bigint not null, SUPPLIER_ID bigint not null, REVTYPE tinyint, primary key (REV, DEMAND_ID, SUPPLIER_ID))
1346343886957|1|7|statement||create table DEMAND_LOCALITY (id bigint generated by default as identity, demand_id bigint, locality_id bigint, primary key (id))
1346343886957|0|7|statement||create table DEMAND_SUPPLIER (DEMAND_ID bigint not null, SUPPLIER_ID bigint not null)
1346343886958|1|7|statement||create table Demand (id bigint generated by default as identity, attachmentPath varchar(255), createdDate timestamp, description clob not null, endDate date, foreignCategory varchar(255), foreignLink varchar(255), maxSuppliers integer, minRating integer, price decimal(19,2), status varchar(64) not null, title varchar(100) not null, validTo date, client_id bigint, origin_id bigint, rating_id bigint, type_id bigint not null, primary key (id))
1346343886958|0|7|statement||create table DemandOrigin (id bigint generated by default as identity, code varchar(32) not null unique, description varchar(255), name varchar(255), url varchar(255), primary key (id))
1346343886959|0|7|statement||create table DemandType (id bigint generated by default as identity, code varchar(32) not null unique, description varchar(255), primary key (id))
1346343886960|1|7|statement||create table DemandType_AUD (id bigint not null, REV integer not null, REVTYPE tinyint, description varchar(255), primary key (id, REV))
1346343886960|0|7|statement||create table Demand_AUD (id bigint not null, REV integer not null, REVTYPE tinyint, attachmentPath varchar(255), createdDate timestamp, description clob, endDate date, foreignCategory varchar(255), foreignLink varchar(255), maxSuppliers integer, minRating integer, price decimal(19,2), status varchar(64), title varchar(100), validTo date, client_id bigint, type_id bigint, primary key (id, REV))
1346343886962|1|7|statement||create table Invoice (id bigint generated by default as identity, bankAccountNumber varchar(24), bankCode varchar(8), constSymbol varchar(10), dueDate date, invoiceNumber varchar(12), issueDate date, shipmentDate date, taxBasis decimal(19,2), totalPrice decimal(19,2), variableSymbol varchar(10), vat decimal(19,2), vatRate integer not null, paymentMethod_id bigint, primary key (id))
1346343886962|0|7|statement||create table Invoice_UserService (Invoice_id bigint not null, userServices_id bigint not null, unique (userServices_id))
1346343886963|1|7|statement||create table Locality (id bigint generated by default as identity, leftBound bigint, level integer not null, rightBound bigint, code varchar(32), name varchar(255), type varchar(64), additionalInfo_id bigint, parent_id bigint, primary key (id))
1346343886964|1|7|statement||create table Message (id bigint generated by default as identity, body clob, created timestamp, lastModified timestamp, messageState varchar(64), sent timestamp, subject varchar(127), demand_id bigint, firstBorn_id bigint, nextSibling_id bigint, offer_id bigint, parent_id bigint, problem_id bigint, sender_id bigint, threadRoot_id bigint, primary key (id))
1346343886965|0|7|statement||create table MessageUserRole (id bigint generated by default as identity, messageContext integer, type varchar(64), message_id bigint, user_id bigint, primary key (id))
1346343886966|1|7|statement||create table Notification (id bigint generated by default as identity, code varchar(32) not null unique, description varchar(255), name varchar(255), notificationType varchar(64), primary key (id))
1346343886967|1|7|statement||create table NotificationItem (id bigint generated by default as identity, enabled BIT, period varchar(64), notification_id bigint, settings_id bigint, primary key (id))
1346343886968|1|7|statement||create table Offer (id bigint generated by default as identity, created timestamp, finishDate date, price decimal(19,2), demand_id bigint, state_id bigint, supplier_id bigint, primary key (id))
1346343886968|0|7|statement||create table OfferState (id bigint generated by default as identity, code varchar(32) not null unique, description varchar(255), primary key (id))
1346343886969|0|7|statement||create table OurPaymentDetails (id bigint generated by default as identity, bankAccount varchar(24), bankCode varchar(8), city varchar(255), countryVat integer, email varchar(255), iban varchar(255), identificationNumber varchar(16), phone varchar(255), street varchar(255), swiftCode varchar(24), taxId varchar(16), title varchar(255), zipCode varchar(255), primary key (id))
1346343886970|0|7|statement||create table OurPaymentDetails_AUD (id bigint not null, REV integer not null, REVTYPE tinyint, bankAccount varchar(24), bankCode varchar(8), city varchar(255), countryVat integer, email varchar(255), iban varchar(255), identificationNumber varchar(16), phone varchar(255), street varchar(255), swiftCode varchar(24), taxId varchar(16), title varchar(255), zipCode varchar(255), primary key (id, REV))
1346343886971|1|7|statement||create table Partner (id bigint not null, primary key (id))
1346343886971|0|7|statement||create table Partner_AUD (id bigint not null, REV integer not null, primary key (id, REV))
1346343886972|1|7|statement||create table PaymentMethod (id bigint generated by default as identity, description varchar(255), name varchar(255), primary key (id))
1346343886972|0|7|statement||create table Permission (id bigint generated by default as identity, code varchar(64), description varchar(255), name varchar(64), primary key (id))
1346343886973|1|7|statement||create table Preference (id bigint generated by default as identity, description varchar(255), pKey varchar(255), value varchar(255), settings_id bigint, primary key (id))
1346343886974|1|7|statement||create table Preference_AUD (id bigint not null, REV integer not null, REVTYPE tinyint, description varchar(255), pKey varchar(255), value varchar(255), primary key (id, REV))
1346343886974|0|7|statement||create table Problem (id bigint generated by default as identity, text varchar(255), primary key (id))
1346343886975|1|7|statement||create table Problem_AUD (id bigint not null, REV integer not null, REVTYPE tinyint, text varchar(255), primary key (id, REV))
1346343886975|0|7|statement||create table REVINFO (REV integer generated by default as identity, REVTSTMP bigint, primary key (REV))
1346343886976|1|7|statement||create table Rating (id bigint generated by default as identity, clientMessage varchar(255), clientRating integer, supplierMessage varchar(255), supplierRating integer, primary key (id))
1346343886976|0|7|statement||create table SUPPLIER_CATEGORY (id bigint generated by default as identity, category_id bigint, supplier_id bigint, primary key (id))
1346343886977|0|7|statement||create table SUPPLIER_LOCALITY (id bigint generated by default as identity, locality_id bigint, supplier_id bigint, primary key (id))
1346343886978|1|7|statement||create table Service (id bigint generated by default as identity, code varchar(32) not null unique, description varchar(255), prepaidMonths integer, price decimal(19,2), serviceType varchar(64), title varchar(64), valid BIT, primary key (id))
1346343886978|0|7|statement||create table SettingsT (id bigint generated by default as identity, primary key (id))
1346343886979|0|7|statement||create table Supplier (certified BIT, overalRating integer, id bigint not null, primary key (id))
1346343886980|1|7|statement||create table SupplierBlacklist (id bigint generated by default as identity, client_id bigint, primary key (id))
1346343886980|0|7|statement||create table SupplierBlacklist_Supplier (SupplierBlacklist_id bigint not null, suppliers_id bigint not null)
1346343886981|1|7|statement||create table Supplier_AUD (id bigint not null, REV integer not null, certified BIT, overalRating integer, primary key (id, REV))
1346343886981|0|7|statement||create table Template (id bigint generated by default as identity, prefilledInputs varchar(255), primary key (id))
1346343886982|0|7|statement||create table UserContact (id bigint generated by default as identity, contactStatus varchar(255), created timestamp, displayName varchar(255), jobTitle varchar(255), note varchar(255), represents_id bigint, savedBy_id bigint, primary key (id))
1346343886983|1|7|statement||create table UserMessage (id bigint generated by default as identity, isRead BIT, messageContext integer, roleType varchar(64), starred BIT, message_id bigint, user_id bigint, primary key (id))
1346343886983|0|7|statement||create table UserService (id bigint generated by default as identity, status varchar(64), service_id bigint, user_id bigint, primary key (id))
1346343886984|0|7|statement||create table UserService_AUD (id bigint not null, REV integer not null, REVTYPE tinyint, status varchar(64), user_id bigint, primary key (id, REV))
1346343886985|1|7|statement||create table UserT (id bigint generated by default as identity, email varchar(128) not null unique, password varchar(64) not null, activationEmail_id bigint, settings_id bigint not null, primary key (id), unique (settings_id))
1346343886986|1|7|statement||create table UserT_AUD (id bigint not null, REV integer not null, REVTYPE tinyint, email varchar(128), password varchar(64), primary key (id, REV))
1346343886986|0|7|statement||create table UserT_AccessRole (UserT_id bigint not null, accessRoles_id bigint not null)
1346343886986|0|7|statement||create table access_role_permission (AccessRole_id bigint not null, permissions_id bigint not null)
1346343886996|10|7|statement||alter table Address add constraint FK1ED033D4BFD78AE2 foreign key (city_id) references Locality
1346343886998|2|7|statement||alter table Advice add constraint FK74A369189E5251C3 foreign key (invoice_id) references Invoice
1346343886999|1|7|statement||alter table BusinessUser add constraint FKE1B293CB8E2F4DD3 foreign key (id) references UserT
1346343887000|1|7|statement||alter table BusinessUser add constraint FKE1B293CBBB69CB47 foreign key (businessUserData_id) references BusinessUserData
1346343887002|2|7|statement||alter table BusinessUserData_AUD add constraint FK5C353566DF74E053 foreign key (REV) references REVINFO
1346343887003|1|7|statement||alter table BusinessUserRole add constraint FKDB84AAE12A194DE7 foreign key (businessUser_id) references BusinessUser
1346343887004|1|7|statement||alter table BusinessUserRole_AUD add constraint FKE1AE8032DF74E053 foreign key (REV) references REVINFO
1346343887007|3|7|statement||alter table BusinessUser_AUD add constraint FKDB89E41C6EDE1847 foreign key (id, REV) references UserT_AUD
1346343887009|2|7|statement||alter table BusinessUser_Address add constraint FK991373602A194DE7 foreign key (BusinessUser_id) references BusinessUser
1346343887010|1|7|statement||alter table BusinessUser_Address add constraint FK99137360404F43BC foreign key (addresses_id) references Address
1346343887011|1|7|statement||alter table BusinessUser_Invoice add constraint FK52521A99F90A2B6A foreign key (invoices_id) references Invoice
1346343887012|1|7|statement||alter table BusinessUser_Invoice add constraint FK52521A992A194DE7 foreign key (BusinessUser_id) references BusinessUser
1346343887013|1|7|statement||alter table Category add constraint FK6DD211E281E9DC7 foreign key (additionalInfo_id) references AdditionalInfo
1346343887014|1|7|statement||alter table Category add constraint FK6DD211E4A0E14E7 foreign key (template_id) references Template
1346343887015|1|7|statement||alter table Category add constraint FK6DD211EADC21B3B foreign key (parent_id) references Category
1346343887015|0|7|statement||alter table Client add constraint FK7877DFEB3527CD49 foreign key (id) references BusinessUserRole
1346343887016|1|7|statement||alter table Client_AUD add constraint FKB88C203CDDFDECBD foreign key (id, REV) references BusinessUserRole_AUD
1346343887017|0|7|statement||alter table DEMAND_CATEGORY add constraint FKE8D1E4725F526E87 foreign key (demand_id) references Demand
1346343887018|0|7|statement||alter table DEMAND_CATEGORY add constraint FKE8D1E4728E041667 foreign key (category_id) references Category
1346343887019|1|7|statement||alter table DEMAND_EXCLUDED_SUPPLIER add constraint FKAC7C1BAD5F526E87 foreign key (DEMAND_ID) references Demand
1346343887020|1|7|statement||alter table DEMAND_EXCLUDED_SUPPLIER add constraint FKAC7C1BADFE69A4A7 foreign key (SUPPLIER_ID) references Supplier
1346343887021|1|7|statement||alter table DEMAND_EXCLUDED_SUPPLIER_AUD add constraint FK94A8AAFEDF74E053 foreign key (REV) references REVINFO
1346343887021|0|7|statement||alter table DEMAND_LOCALITY add constraint FK571B24D7B0C03EA foreign key (locality_id) references Locality
1346343887022|1|7|statement||alter table DEMAND_LOCALITY add constraint FK571B24D75F526E87 foreign key (demand_id) references Demand
1346343887023|1|7|statement||alter table DEMAND_SUPPLIER add constraint FK82AB21405F526E87 foreign key (DEMAND_ID) references Demand
1346343887024|1|7|statement||alter table DEMAND_SUPPLIER add constraint FK82AB2140FE69A4A7 foreign key (SUPPLIER_ID) references Supplier
1346343887025|1|7|statement||alter table Demand add constraint FK79CBD66B732E5547 foreign key (rating_id) references Rating
1346343887026|1|7|statement||alter table Demand add constraint FK79CBD66BE223912 foreign key (origin_id) references DemandOrigin
1346343887027|1|7|statement||alter table Demand add constraint FK79CBD66B2ECBA787 foreign key (client_id) references Client
1346343887028|1|7|statement||alter table Demand add constraint FK79CBD66B7C34B692 foreign key (type_id) references DemandType
1346343887029|1|7|statement||alter table DemandType_AUD add constraint FK87BF2F96DF74E053 foreign key (REV) references REVINFO
1346343887030|1|7|statement||alter table Demand_AUD add constraint FK6A00D6BCDF74E053 foreign key (REV) references REVINFO
1346343887031|1|7|statement||alter table Invoice add constraint FKD80EDB0D7A05F8E3 foreign key (paymentMethod_id) references PaymentMethod
1346343887032|1|7|statement||alter table Invoice_UserService add constraint FK8E15E18BB41A1C6 foreign key (userServices_id) references UserService
1346343887033|1|7|statement||alter table Invoice_UserService add constraint FK8E15E189E5251C3 foreign key (Invoice_id) references Invoice
1346343887034|1|7|statement||alter table Locality add constraint FK75266183281E9DC7 foreign key (additionalInfo_id) references AdditionalInfo
1346343887035|1|7|statement||alter table Locality add constraint FK75266183C6D5F43 foreign key (parent_id) references Locality
1346343887036|1|7|statement||alter table Message add constraint FK9C2397E7C2F0D812 foreign key (offer_id) references Offer
1346343887037|1|7|statement||alter table Message add constraint FK9C2397E78067DB2B foreign key (firstBorn_id) references Message
1346343887038|1|7|statement||alter table Message add constraint FK9C2397E7DAD32E58 foreign key (threadRoot_id) references Message
1346343887039|1|7|statement||alter table Message add constraint FK9C2397E77A0500F5 foreign key (nextSibling_id) references Message
1346343887040|1|7|statement||alter table Message add constraint FK9C2397E7129D614D foreign key (problem_id) references Problem
1346343887041|1|7|statement||alter table Message add constraint FK9C2397E75F526E87 foreign key (demand_id) references Demand
1346343887042|1|7|statement||alter table Message add constraint FK9C2397E7901A701D foreign key (sender_id) references UserT
1346343887044|2|7|statement||alter table Message add constraint FK9C2397E75FB83EDA foreign key (parent_id) references Message
1346343887045|1|7|statement||alter table MessageUserRole add constraint FKE45427E8856A2EC7 foreign key (user_id) references UserT
1346343887046|1|7|statement||alter table MessageUserRole add constraint FKE45427E87F8B2E5D foreign key (message_id) references Message
1346343887046|0|7|statement||alter table NotificationItem add constraint FK2DCD4EBEB6342EEF foreign key (settings_id) references SettingsT
1346343887047|0|7|statement||alter table NotificationItem add constraint FK2DCD4EBE6C9876F foreign key (notification_id) references Notification
1346343887048|1|7|statement||alter table Offer add constraint FK4892A3C7C1ABE46 foreign key (state_id) references OfferState
1346343887049|1|7|statement||alter table Offer add constraint FK4892A3C5F526E87 foreign key (demand_id) references Demand
1346343887050|1|7|statement||alter table Offer add constraint FK4892A3CFE69A4A7 foreign key (supplier_id) references Supplier
1346343887051|1|7|statement||alter table OurPaymentDetails_AUD add constraint FK33F04579DF74E053 foreign key (REV) references REVINFO
1346343887052|1|7|statement||alter table Partner add constraint FK33F574A83527CD49 foreign key (id) references BusinessUserRole
1346343887052|0|7|statement||alter table Partner_AUD add constraint FK9D870E79DDFDECBD foreign key (id, REV) references BusinessUserRole_AUD
1346343887053|1|7|statement||alter table Preference add constraint FK1FCE98FBB6342EEF foreign key (settings_id) references SettingsT
1346343887054|1|7|statement||alter table Preference_AUD add constraint FKF4BFD14CDF74E053 foreign key (REV) references REVINFO
1346343887055|1|7|statement||alter table Problem_AUD add constraint FK61B230D0DF74E053 foreign key (REV) references REVINFO
1346343887055|0|7|statement||alter table SUPPLIER_CATEGORY add constraint FK4F283A118E041667 foreign key (category_id) references Category
1346343887056|0|7|statement||alter table SUPPLIER_CATEGORY add constraint FK4F283A11FE69A4A7 foreign key (supplier_id) references Supplier
1346343887057|1|7|statement||alter table SUPPLIER_LOCALITY add constraint FKBD717A76B0C03EA foreign key (locality_id) references Locality
1346343887058|1|7|statement||alter table SUPPLIER_LOCALITY add constraint FKBD717A76FE69A4A7 foreign key (supplier_id) references Supplier
1346343887058|0|7|statement||alter table Supplier add constraint FKA0B65DEC3527CD49 foreign key (id) references BusinessUserRole
1346343887059|0|7|statement||alter table SupplierBlacklist add constraint FK74BCD4912ECBA787 foreign key (client_id) references Client
1346343887060|1|7|statement||alter table SupplierBlacklist_Supplier add constraint FKF4264DDA933DFC6C foreign key (suppliers_id) references Supplier
1346343887061|1|7|statement||alter table SupplierBlacklist_Supplier add constraint FKF4264DDA1C51E82D foreign key (SupplierBlacklist_id) references SupplierBlacklist
1346343887062|1|7|statement||alter table Supplier_AUD add constraint FK8169B5BDDDFDECBD foreign key (id, REV) references BusinessUserRole_AUD
1346343887063|1|7|statement||alter table UserContact add constraint FK8A22ADB584AAC047 foreign key (represents_id) references UserT
1346343887064|1|7|statement||alter table UserContact add constraint FK8A22ADB5E9FD4094 foreign key (savedBy_id) references UserT
1346343887065|1|7|statement||alter table UserMessage add constraint FK8A56899C856A2EC7 foreign key (user_id) references UserT
1346343887066|1|7|statement||alter table UserMessage add constraint FK8A56899C7F8B2E5D foreign key (message_id) references Message
1346343887067|1|7|statement||alter table UserService add constraint FKC7AF504A9CE145A7 foreign key (user_id) references BusinessUser
1346343887067|0|7|statement||alter table UserService add constraint FKC7AF504A93F7EC85 foreign key (service_id) references Service
1346343887068|1|7|statement||alter table UserService_AUD add constraint FKC3C6491BDF74E053 foreign key (REV) references REVINFO
1346343887069|1|7|statement||alter table UserT add constraint FK4E39DC9B6342EEF foreign key (settings_id) references SettingsT
1346343887070|1|7|statement||alter table UserT add constraint FK4E39DC94CB1F798 foreign key (activationEmail_id) references ActivationEmail
1346343887071|1|7|statement||alter table UserT_AUD add constraint FK8B09BF1ADF74E053 foreign key (REV) references REVINFO
1346343887071|0|7|statement||alter table UserT_AccessRole add constraint FK8FC0A4507E5B7BC9 foreign key (UserT_id) references UserT
1346343887072|1|7|statement||alter table UserT_AccessRole add constraint FK8FC0A4508225C825 foreign key (accessRoles_id) references AccessRole
1346343887073|1|7|statement||alter table access_role_permission add constraint FK8BDA985D96577084 foreign key (AccessRole_id) references AccessRole
1346343887074|1|7|statement||alter table access_role_permission add constraint FK8BDA985D802C156F foreign key (permissions_id) references Permission
1346343888324|2|7|statement|select accessrole0_.id as id36_, accessrole0_.code as code36_, accessrole0_.description as descript3_36_, accessrole0_.name as name36_ from AccessRole accessrole0_ where accessrole0_.code=? limit ?|select accessrole0_.id as id36_, accessrole0_.code as code36_, accessrole0_.description as descript3_36_, accessrole0_.name as name36_ from AccessRole accessrole0_ where accessrole0_.code='ROLE_CLIENT' limit 2
1346343888347|0|7|statement|select accessrole0_.id as id36_, accessrole0_.code as code36_, accessrole0_.description as descript3_36_, accessrole0_.name as name36_ from AccessRole accessrole0_ where accessrole0_.code=? limit ?|select accessrole0_.id as id36_, accessrole0_.code as code36_, accessrole0_.description as descript3_36_, accessrole0_.name as name36_ from AccessRole accessrole0_ where accessrole0_.code='ROLE_USER' limit 2
1346343888450|0|7|statement|select accessrole0_.id as id36_, accessrole0_.code as code36_, accessrole0_.description as descript3_36_, accessrole0_.name as name36_ from AccessRole accessrole0_ where accessrole0_.code=? limit ?|select accessrole0_.id as id36_, accessrole0_.code as code36_, accessrole0_.description as descript3_36_, accessrole0_.name as name36_ from AccessRole accessrole0_ where accessrole0_.code='ROLE_SUPPLIER' limit 2
1346343891313|2|7|statement||delete from DEMAND_SUPPLIER
1346343891313|0|7|statement||delete from DEMAND_LOCALITY
1346343891313|0|7|statement||delete from DEMAND_CATEGORY
1346343891313|0|7|statement||delete from DEMAND
1346343891313|0|7|statement||delete from DEMANDTYPE
1346343891314|0|7|statement||delete from DEMANDORIGIN
1346343891314|0|7|statement||delete from RATING
1346343891314|0|7|statement||delete from CATEGORY
1346343891314|0|7|statement||delete from NOTIFICATION
1346343891314|0|7|statement||delete from SERVICE
1346343891314|0|7|statement||delete from USERT_ACCESSROLE
1346343891314|0|7|statement||delete from PARTNER
1346343891315|0|7|statement||delete from SUPPLIER
1346343891315|0|7|statement||delete from CLIENT
1346343891315|0|7|statement||delete from BUSINESSUSER_ADDRESS
1346343891315|0|7|statement||delete from BUSINESSUSERROLE
1346343891316|1|7|statement||delete from BUSINESSUSER
1346343891316|0|7|statement||delete from USERT
1346343891316|0|7|statement||delete from SETTINGST
1346343891316|0|7|statement||delete from BUSINESSUSERDATA
1346343891316|0|7|statement||delete from ADDRESS
1346343891316|0|7|statement||delete from ACCESSROLE
1346343891316|0|7|statement||delete from LOCALITY
1346343891330|2|7|statement|insert into LOCALITY (ID, LEFTBOUND, LEVEL, RIGHTBOUND, CODE, NAME, TYPE, ADDITIONALINFO_ID, PARENT_ID) values (?, ?, ?, ?, ?, ?, ?, ?, ?)|insert into LOCALITY (ID, LEFTBOUND, LEVEL, RIGHTBOUND, CODE, NAME, TYPE, ADDITIONALINFO_ID, PARENT_ID) values ('111111', '1', 1, '24', 'CZ', 'Czech Republic', 'COUNTRY', '', '')
1346343891331|1|7|statement|insert into LOCALITY (ID, LEFTBOUND, LEVEL, RIGHTBOUND, CODE, NAME, TYPE, ADDITIONALINFO_ID, PARENT_ID) values (?, ?, ?, ?, ?, ?, ?, ?, ?)|insert into LOCALITY (ID, LEFTBOUND, LEVEL, RIGHTBOUND, CODE, NAME, TYPE, ADDITIONALINFO_ID, PARENT_ID) values ('1', '2', 2, '11', 'loc1', 'locality1', 'REGION', '', '111111')
1346343891331|0|7|statement|insert into LOCALITY (ID, LEFTBOUND, LEVEL, RIGHTBOUND, CODE, NAME, TYPE, ADDITIONALINFO_ID, PARENT_ID) values (?, ?, ?, ?, ?, ?, ?, ?, ?)|insert into LOCALITY (ID, LEFTBOUND, LEVEL, RIGHTBOUND, CODE, NAME, TYPE, ADDITIONALINFO_ID, PARENT_ID) values ('2', '12', 2, '23', 'loc2', 'locality2', 'REGION', '', '111111')
1346343891331|0|7|statement|insert into LOCALITY (ID, LEFTBOUND, LEVEL, RIGHTBOUND, CODE, NAME, TYPE, ADDITIONALINFO_ID, PARENT_ID) values (?, ?, ?, ?, ?, ?, ?, ?, ?)|insert into LOCALITY (ID, LEFTBOUND, LEVEL, RIGHTBOUND, CODE, NAME, TYPE, ADDITIONALINFO_ID, PARENT_ID) values ('8', '13', 3, '22', 'loc21', 'locality21', 'DISTRICT', '', '2')
1346343891332|0|7|statement|insert into LOCALITY (ID, LEFTBOUND, LEVEL, RIGHTBOUND, CODE, NAME, TYPE, ADDITIONALINFO_ID, PARENT_ID) values (?, ?, ?, ?, ?, ?, ?, ?, ?)|insert into LOCALITY (ID, LEFTBOUND, LEVEL, RIGHTBOUND, CODE, NAME, TYPE, ADDITIONALINFO_ID, PARENT_ID) values ('3', '3', 3, '6', 'loc11', 'locality11', 'DISTRICT', '', '1')
1346343891332|0|7|statement|insert into LOCALITY (ID, LEFTBOUND, LEVEL, RIGHTBOUND, CODE, NAME, TYPE, ADDITIONALINFO_ID, PARENT_ID) values (?, ?, ?, ?, ?, ?, ?, ?, ?)|insert into LOCALITY (ID, LEFTBOUND, LEVEL, RIGHTBOUND, CODE, NAME, TYPE, ADDITIONALINFO_ID, PARENT_ID) values ('4', '7', 3, '10', 'loc12', 'locality12', 'DISTRICT', '', '1')
1346343891332|0|7|statement|insert into LOCALITY (ID, LEFTBOUND, LEVEL, RIGHTBOUND, CODE, NAME, TYPE, ADDITIONALINFO_ID, PARENT_ID) values (?, ?, ?, ?, ?, ?, ?, ?, ?)|insert into LOCALITY (ID, LEFTBOUND, LEVEL, RIGHTBOUND, CODE, NAME, TYPE, ADDITIONALINFO_ID, PARENT_ID) values ('9', '14', 4, '15', 'loc211', 'locality211', 'CITY', '', '8')
1346343891333|0|7|statement|insert into LOCALITY (ID, LEFTBOUND, LEVEL, RIGHTBOUND, CODE, NAME, TYPE, ADDITIONALINFO_ID, PARENT_ID) values (?, ?, ?, ?, ?, ?, ?, ?, ?)|insert into LOCALITY (ID, LEFTBOUND, LEVEL, RIGHTBOUND, CODE, NAME, TYPE, ADDITIONALINFO_ID, PARENT_ID) values ('10', '16', 4, '17', 'loc212', 'locality212', 'CITY', '', '8')
1346343891333|0|7|statement|insert into LOCALITY (ID, LEFTBOUND, LEVEL, RIGHTBOUND, CODE, NAME, TYPE, ADDITIONALINFO_ID, PARENT_ID) values (?, ?, ?, ?, ?, ?, ?, ?, ?)|insert into LOCALITY (ID, LEFTBOUND, LEVEL, RIGHTBOUND, CODE, NAME, TYPE, ADDITIONALINFO_ID, PARENT_ID) values ('11', '18', 4, '19', 'loc213', 'locality213', 'CITY', '', '8')
1346343891334|1|7|statement|insert into LOCALITY (ID, LEFTBOUND, LEVEL, RIGHTBOUND, CODE, NAME, TYPE, ADDITIONALINFO_ID, PARENT_ID) values (?, ?, ?, ?, ?, ?, ?, ?, ?)|insert into LOCALITY (ID, LEFTBOUND, LEVEL, RIGHTBOUND, CODE, NAME, TYPE, ADDITIONALINFO_ID, PARENT_ID) values ('12', '20', 4, '21', 'loc214', 'locality214', 'CITY', '', '8')
1346343891334|0|7|statement|insert into LOCALITY (ID, LEFTBOUND, LEVEL, RIGHTBOUND, CODE, NAME, TYPE, ADDITIONALINFO_ID, PARENT_ID) values (?, ?, ?, ?, ?, ?, ?, ?, ?)|insert into LOCALITY (ID, LEFTBOUND, LEVEL, RIGHTBOUND, CODE, NAME, TYPE, ADDITIONALINFO_ID, PARENT_ID) values ('5', '4', 4, '5', 'loc111', 'locality111', 'CITY', '', '3')
1346343891334|0|7|statement|insert into LOCALITY (ID, LEFTBOUND, LEVEL, RIGHTBOUND, CODE, NAME, TYPE, ADDITIONALINFO_ID, PARENT_ID) values (?, ?, ?, ?, ?, ?, ?, ?, ?)|insert into LOCALITY (ID, LEFTBOUND, LEVEL, RIGHTBOUND, CODE, NAME, TYPE, ADDITIONALINFO_ID, PARENT_ID) values ('6', '8', 4, '9', 'loc121', 'locality121', 'CITY', '', '4')
1346343891337|1|7|statement|insert into ACCESSROLE (ID, CODE, DESCRIPTION, NAME) values (?, ?, ?, ?)|insert into ACCESSROLE (ID, CODE, DESCRIPTION, NAME) values ('1', 'test.access.role', 'Useful only for testing', 'Test access role')
1346343891337|0|7|statement|insert into ACCESSROLE (ID, CODE, DESCRIPTION, NAME) values (?, ?, ?, ?)|insert into ACCESSROLE (ID, CODE, DESCRIPTION, NAME) values ('2', 'ROLE_CLIENT', 'Real client role - the same as in production', 'Client access role')
1346343891340|0|7|statement|insert into ADDRESS (ID, ADDRESSTYPE, FLATNUM, HOUSENUM, STREET, ZIPCODE, CITY_ID) values (?, ?, ?, ?, ?, ?, ?)|insert into ADDRESS (ID, ADDRESSTYPE, FLATNUM, HOUSENUM, STREET, ZIPCODE, CITY_ID) values ('9', '', '', '', 'Test street 9', '60200', '9')
1346343891343|0|7|statement|insert into BUSINESSUSERDATA (ID, COMPANYNAME, DESCRIPTION, IDENTIFICATIONNUMBER, PERSONFIRSTNAME, PERSONLASTNAME, PHONE, TAXID, WEBSITE) values (?, ?, ?, ?, ?, ?, ?, ?, ?)|insert into BUSINESSUSERDATA (ID, COMPANYNAME, DESCRIPTION, IDENTIFICATIONNUMBER, PERSONFIRSTNAME, PERSONLASTNAME, PHONE, TAXID, WEBSITE) values ('111111111', 'My First Company', '', '', 'Elvíra', 'Vytretá', '', '', '')
1346343891344|1|7|statement|insert into BUSINESSUSERDATA (ID, COMPANYNAME, DESCRIPTION, IDENTIFICATIONNUMBER, PERSONFIRSTNAME, PERSONLASTNAME, PHONE, TAXID, WEBSITE) values (?, ?, ?, ?, ?, ?, ?, ?, ?)|insert into BUSINESSUSERDATA (ID, COMPANYNAME, DESCRIPTION, IDENTIFICATIONNUMBER, PERSONFIRSTNAME, PERSONLASTNAME, PHONE, TAXID, WEBSITE) values ('111111112', 'My Second Company', '', '', 'Velislav', 'Kroko', '', '', '')
1346343891344|0|7|statement|insert into BUSINESSUSERDATA (ID, COMPANYNAME, DESCRIPTION, IDENTIFICATIONNUMBER, PERSONFIRSTNAME, PERSONLASTNAME, PHONE, TAXID, WEBSITE) values (?, ?, ?, ?, ?, ?, ?, ?, ?)|insert into BUSINESSUSERDATA (ID, COMPANYNAME, DESCRIPTION, IDENTIFICATIONNUMBER, PERSONFIRSTNAME, PERSONLASTNAME, PHONE, TAXID, WEBSITE) values ('111111113', 'My Third Company', '', '', 'Lisohlávka', 'Èínska', '', '', '')
1346343891344|0|7|statement|insert into BUSINESSUSERDATA (ID, COMPANYNAME, DESCRIPTION, IDENTIFICATIONNUMBER, PERSONFIRSTNAME, PERSONLASTNAME, PHONE, TAXID, WEBSITE) values (?, ?, ?, ?, ?, ?, ?, ?, ?)|insert into BUSINESSUSERDATA (ID, COMPANYNAME, DESCRIPTION, IDENTIFICATIONNUMBER, PERSONFIRSTNAME, PERSONLASTNAME, PHONE, TAXID, WEBSITE) values ('111111114', 'My Fourth Company', '', 'sracky', 'Elvíra', 'Maslová', '', 'hovna', '')
1346343891345|0|7|statement|insert into BUSINESSUSERDATA (ID, COMPANYNAME, DESCRIPTION, IDENTIFICATIONNUMBER, PERSONFIRSTNAME, PERSONLASTNAME, PHONE, TAXID, WEBSITE) values (?, ?, ?, ?, ?, ?, ?, ?, ?)|insert into BUSINESSUSERDATA (ID, COMPANYNAME, DESCRIPTION, IDENTIFICATIONNUMBER, PERSONFIRSTNAME, PERSONLASTNAME, PHONE, TAXID, WEBSITE) values ('1111111115', 'My First Company', '', '', 'Elvíra', 'Vytretá', '', '', '')
1346343891347|0|7|statement|insert into SETTINGST (ID) values (?)|insert into SETTINGST (ID) values ('1')
1346343891347|0|7|statement|insert into SETTINGST (ID) values (?)|insert into SETTINGST (ID) values ('2')
1346343891348|1|7|statement|insert into SETTINGST (ID) values (?)|insert into SETTINGST (ID) values ('3')
1346343891348|0|7|statement|insert into SETTINGST (ID) values (?)|insert into SETTINGST (ID) values ('4')
1346343891348|0|7|statement|insert into SETTINGST (ID) values (?)|insert into SETTINGST (ID) values ('5')
1346343891350|0|7|statement|insert into USERT (ID, EMAIL, PASSWORD, ACTIVATIONEMAIL_ID, SETTINGS_ID) values (?, ?, ?, ?, ?)|insert into USERT (ID, EMAIL, PASSWORD, ACTIVATIONEMAIL_ID, SETTINGS_ID) values ('111111111', 'elvira@email.com', '7xuGUhtNhAUbPEbU9YwZDoEceO1E45E/RWiELMGVCOm6QIDDVthJK/DJLqxKPfae', '', '1')
1346343891351|1|7|statement|insert into USERT (ID, EMAIL, PASSWORD, ACTIVATIONEMAIL_ID, SETTINGS_ID) values (?, ?, ?, ?, ?)|insert into USERT (ID, EMAIL, PASSWORD, ACTIVATIONEMAIL_ID, SETTINGS_ID) values ('111111112', 'velislav@email.com', '2ScrHmE5/qPHYSsYljrBNsMndlJLrvD5mWX+UkfTw2/GnAZsK77M6Cv9j9+WKNxB', '', '2')
1346343891351|0|7|statement|insert into USERT (ID, EMAIL, PASSWORD, ACTIVATIONEMAIL_ID, SETTINGS_ID) values (?, ?, ?, ?, ?)|insert into USERT (ID, EMAIL, PASSWORD, ACTIVATIONEMAIL_ID, SETTINGS_ID) values ('111111113', 'lisohlavka@email.com', 'U8j0x6agRuLmTUIUxpTMsb5uT+jDAQta/HzTgrQLesYqWVl5KsVw1NI5VKuAKeVn', '', '3')
1346343891351|0|7|statement|insert into USERT (ID, EMAIL, PASSWORD, ACTIVATIONEMAIL_ID, SETTINGS_ID) values (?, ?, ?, ?, ?)|insert into USERT (ID, EMAIL, PASSWORD, ACTIVATIONEMAIL_ID, SETTINGS_ID) values ('111111114', 'elviraM@email.com', 'ktWVVhGwWiMsAVgfbIZmX96r5WXBwIzMcGzwUBVAXcFvtiJutGRbKOk58TfQ4Wr2', '', '4')
1346343891352|0|7|statement|insert into USERT (ID, EMAIL, PASSWORD, ACTIVATIONEMAIL_ID, SETTINGS_ID) values (?, ?, ?, ?, ?)|insert into USERT (ID, EMAIL, PASSWORD, ACTIVATIONEMAIL_ID, SETTINGS_ID) values ('1111111115', 'elvira.plaintext.password@email.com', 'ahoj1', '', '5')
1346343891354|1|7|statement|insert into BUSINESSUSER (BUSINESSTYPE, ID, BUSINESSUSERDATA_ID) values (?, ?, ?)|insert into BUSINESSUSER (BUSINESSTYPE, ID, BUSINESSUSERDATA_ID) values ('', '111111111', '111111111')
1346343891354|0|7|statement|insert into BUSINESSUSER (BUSINESSTYPE, ID, BUSINESSUSERDATA_ID) values (?, ?, ?)|insert into BUSINESSUSER (BUSINESSTYPE, ID, BUSINESSUSERDATA_ID) values ('', '111111112', '111111112')
1346343891354|0|7|statement|insert into BUSINESSUSER (BUSINESSTYPE, ID, BUSINESSUSERDATA_ID) values (?, ?, ?)|insert into BUSINESSUSER (BUSINESSTYPE, ID, BUSINESSUSERDATA_ID) values ('', '111111113', '111111113')
1346343891354|0|7|statement|insert into BUSINESSUSER (BUSINESSTYPE, ID, BUSINESSUSERDATA_ID) values (?, ?, ?)|insert into BUSINESSUSER (BUSINESSTYPE, ID, BUSINESSUSERDATA_ID) values ('', '111111114', '111111114')
1346343891355|1|7|statement|insert into BUSINESSUSER (BUSINESSTYPE, ID, BUSINESSUSERDATA_ID) values (?, ?, ?)|insert into BUSINESSUSER (BUSINESSTYPE, ID, BUSINESSUSERDATA_ID) values ('', '1111111115', '1111111115')
1346343891357|0|7|statement|insert into BUSINESSUSERROLE (ID, VERIFICATION, BUSINESSUSER_ID) values (?, ?, ?)|insert into BUSINESSUSERROLE (ID, VERIFICATION, BUSINESSUSER_ID) values ('111111111', 'UNVERIFIED', '111111111')
1346343891357|0|7|statement|insert into BUSINESSUSERROLE (ID, VERIFICATION, BUSINESSUSER_ID) values (?, ?, ?)|insert into BUSINESSUSERROLE (ID, VERIFICATION, BUSINESSUSER_ID) values ('1111111111', 'UNVERIFIED', '111111111')
1346343891357|0|7|statement|insert into BUSINESSUSERROLE (ID, VERIFICATION, BUSINESSUSER_ID) values (?, ?, ?)|insert into BUSINESSUSERROLE (ID, VERIFICATION, BUSINESSUSER_ID) values ('111111112', 'UNVERIFIED', '111111112')
1346343891357|0|7|statement|insert into BUSINESSUSERROLE (ID, VERIFICATION, BUSINESSUSER_ID) values (?, ?, ?)|insert into BUSINESSUSERROLE (ID, VERIFICATION, BUSINESSUSER_ID) values ('111111113', 'UNVERIFIED', '111111113')
1346343891358|0|7|statement|insert into BUSINESSUSERROLE (ID, VERIFICATION, BUSINESSUSER_ID) values (?, ?, ?)|insert into BUSINESSUSERROLE (ID, VERIFICATION, BUSINESSUSER_ID) values ('111111114', 'UNVERIFIED', '111111114')
1346343891358|0|7|statement|insert into BUSINESSUSERROLE (ID, VERIFICATION, BUSINESSUSER_ID) values (?, ?, ?)|insert into BUSINESSUSERROLE (ID, VERIFICATION, BUSINESSUSER_ID) values ('1111111114', 'UNVERIFIED', '111111114')
1346343891358|0|7|statement|insert into BUSINESSUSERROLE (ID, VERIFICATION, BUSINESSUSER_ID) values (?, ?, ?)|insert into BUSINESSUSERROLE (ID, VERIFICATION, BUSINESSUSER_ID) values ('11111111114', 'UNVERIFIED', '111111114')
1346343891360|2|7|statement|insert into BUSINESSUSERROLE (ID, VERIFICATION, BUSINESSUSER_ID) values (?, ?, ?)|insert into BUSINESSUSERROLE (ID, VERIFICATION, BUSINESSUSER_ID) values ('1111111115', 'UNVERIFIED', '1111111115')
1346343891360|0|7|statement|insert into BUSINESSUSERROLE (ID, VERIFICATION, BUSINESSUSER_ID) values (?, ?, ?)|insert into BUSINESSUSERROLE (ID, VERIFICATION, BUSINESSUSER_ID) values ('11111111115', 'UNVERIFIED', '1111111115')
1346343891363|0|7|statement|insert into BUSINESSUSER_ADDRESS (BUSINESSUSER_ID, ADDRESSES_ID) values (?, ?)|insert into BUSINESSUSER_ADDRESS (BUSINESSUSER_ID, ADDRESSES_ID) values ('111111111', '9')
1346343891365|0|7|statement|insert into CLIENT (OVERALRATING, ID) values (?, ?)|insert into CLIENT (OVERALRATING, ID) values ('', '111111111')
1346343891365|0|7|statement|insert into CLIENT (OVERALRATING, ID) values (?, ?)|insert into CLIENT (OVERALRATING, ID) values ('', '111111112')
1346343891365|0|7|statement|insert into CLIENT (OVERALRATING, ID) values (?, ?)|insert into CLIENT (OVERALRATING, ID) values ('', '111111113')
1346343891365|0|7|statement|insert into CLIENT (OVERALRATING, ID) values (?, ?)|insert into CLIENT (OVERALRATING, ID) values ('', '111111114')
1346343891365|0|7|statement|insert into CLIENT (OVERALRATING, ID) values (?, ?)|insert into CLIENT (OVERALRATING, ID) values ('', '1111111115')
1346343891367|0|7|statement|insert into SUPPLIER (CERTIFIED, OVERALRATING, ID) values (?, ?, ?)|insert into SUPPLIER (CERTIFIED, OVERALRATING, ID) values ('', '', '1111111111')
1346343891367|0|7|statement|insert into SUPPLIER (CERTIFIED, OVERALRATING, ID) values (?, ?, ?)|insert into SUPPLIER (CERTIFIED, OVERALRATING, ID) values ('', '', '1111111114')
1346343891368|0|7|statement|insert into SUPPLIER (CERTIFIED, OVERALRATING, ID) values (?, ?, ?)|insert into SUPPLIER (CERTIFIED, OVERALRATING, ID) values ('', '', '11111111115')
1346343891369|0|7|statement|insert into PARTNER (ID) values (?)|insert into PARTNER (ID) values ('11111111114')
1346343891372|0|7|statement|insert into USERT_ACCESSROLE (USERT_ID, ACCESSROLES_ID) values (?, ?)|insert into USERT_ACCESSROLE (USERT_ID, ACCESSROLES_ID) values ('111111111', '1')
1346343891372|0|7|statement|insert into USERT_ACCESSROLE (USERT_ID, ACCESSROLES_ID) values (?, ?)|insert into USERT_ACCESSROLE (USERT_ID, ACCESSROLES_ID) values ('111111111', '2')
1346343891375|0|7|statement|insert into SERVICE (ID, CODE, DESCRIPTION, PREPAIDMONTHS, PRICE, SERVICETYPE, TITLE, VALID) values (?, ?, ?, ?, ?, ?, ?, ?)|insert into SERVICE (ID, CODE, DESCRIPTION, PREPAIDMONTHS, PRICE, SERVICETYPE, TITLE, VALID) values ('1', 'validity.1month', '', '', '', '', '', 'true')
1346343891375|0|7|statement|insert into SERVICE (ID, CODE, DESCRIPTION, PREPAIDMONTHS, PRICE, SERVICETYPE, TITLE, VALID) values (?, ?, ?, ?, ?, ?, ?, ?)|insert into SERVICE (ID, CODE, DESCRIPTION, PREPAIDMONTHS, PRICE, SERVICETYPE, TITLE, VALID) values ('2', 'validity.3month', '', '', '', '', '', 'true')
1346343891376|1|7|statement|insert into SERVICE (ID, CODE, DESCRIPTION, PREPAIDMONTHS, PRICE, SERVICETYPE, TITLE, VALID) values (?, ?, ?, ?, ?, ?, ?, ?)|insert into SERVICE (ID, CODE, DESCRIPTION, PREPAIDMONTHS, PRICE, SERVICETYPE, TITLE, VALID) values ('3', 'validity.1year', '', '', '', '', '', 'true')
1346343891376|0|7|statement|insert into SERVICE (ID, CODE, DESCRIPTION, PREPAIDMONTHS, PRICE, SERVICETYPE, TITLE, VALID) values (?, ?, ?, ?, ?, ?, ?, ?)|insert into SERVICE (ID, CODE, DESCRIPTION, PREPAIDMONTHS, PRICE, SERVICETYPE, TITLE, VALID) values ('4', 'classic', '', '', '', '', '', 'true')
1346343891378|0|7|statement|insert into NOTIFICATION (ID, CODE, DESCRIPTION, NAME, NOTIFICATIONTYPE) values (?, ?, ?, ?, ?)|insert into NOTIFICATION (ID, CODE, DESCRIPTION, NAME, NOTIFICATIONTYPE) values ('1', 'nonregistered.supplier', 'Notifikacia pre klientov, ktori niesu oficialne zaregistrovany ale boli  defaultne zalozeni v systeme aj s ich cudzimi poptavkami', 'Notifikácia pre neregistrovaného klienta', 'NONREGISTERED')
1346343891379|0|7|statement|insert into NOTIFICATION (ID, CODE, DESCRIPTION, NAME, NOTIFICATIONTYPE) values (?, ?, ?, ?, ?)|insert into NOTIFICATION (ID, CODE, DESCRIPTION, NAME, NOTIFICATIONTYPE) values ('2', 'nonregistered.client', 'Notifkacia pre dodavatelov, ktori niesu oficialne zaregistrovani ale boli defaultne zalozeni do systemu', 'Notifikácia pre neregistrovaného dodávate¾a', 'NONREGISTERED')
1346343891379|0|7|statement|insert into NOTIFICATION (ID, CODE, DESCRIPTION, NAME, NOTIFICATIONTYPE) values (?, ?, ?, ?, ?)|insert into NOTIFICATION (ID, CODE, DESCRIPTION, NAME, NOTIFICATIONTYPE) values ('3', 'new.message.supplier', 'Notifikácia sa odole ked uívate¾ obdrí novu správu v systéme', 'Nova správa', 'SUPPLIER')
1346343891379|0|7|statement|insert into NOTIFICATION (ID, CODE, DESCRIPTION, NAME, NOTIFICATIONTYPE) values (?, ?, ?, ?, ?)|insert into NOTIFICATION (ID, CODE, DESCRIPTION, NAME, NOTIFICATIONTYPE) values ('4', 'new.demand', 'Notifikácia pre dodávate¾a o novej poptávke', 'Nová poptávka', 'SUPPLIER')
1346343891380|0|7|statement|insert into NOTIFICATION (ID, CODE, DESCRIPTION, NAME, NOTIFICATIONTYPE) values (?, ?, ?, ?, ?)|insert into NOTIFICATION (ID, CODE, DESCRIPTION, NAME, NOTIFICATIONTYPE) values ('5', 'new.offer', 'Notifikácie pre klienta o novej ponuke', 'Nová ponuka', 'CLIENT')
1346343891380|0|7|statement|insert into NOTIFICATION (ID, CODE, DESCRIPTION, NAME, NOTIFICATIONTYPE) values (?, ?, ?, ?, ?)|insert into NOTIFICATION (ID, CODE, DESCRIPTION, NAME, NOTIFICATIONTYPE) values ('6', 'new.info', 'Notifikácia o aktualizáciach a novinkách systému', 'Nová správa od systému', 'SUPPLIER')
1346343891380|0|7|statement|insert into NOTIFICATION (ID, CODE, DESCRIPTION, NAME, NOTIFICATIONTYPE) values (?, ?, ?, ?, ?)|insert into NOTIFICATION (ID, CODE, DESCRIPTION, NAME, NOTIFICATIONTYPE) values ('7', 'new.operator', 'Notifikácia o novej správe od operátora systému', 'Nová správa od operátora', 'SUPPLIER')
1346343891381|0|7|statement|insert into NOTIFICATION (ID, CODE, DESCRIPTION, NAME, NOTIFICATIONTYPE) values (?, ?, ?, ?, ?)|insert into NOTIFICATION (ID, CODE, DESCRIPTION, NAME, NOTIFICATIONTYPE) values ('8', 'demand.status.changed', 'Notifikácia o zmene stavu poptávky', 'Zmena stavu poptávky', 'CLIENT')
1346343891381|0|7|statement|insert into NOTIFICATION (ID, CODE, DESCRIPTION, NAME, NOTIFICATIONTYPE) values (?, ?, ?, ?, ?)|insert into NOTIFICATION (ID, CODE, DESCRIPTION, NAME, NOTIFICATIONTYPE) values ('9', 'offer.status.changed', 'Notifikácia o zmene stavu ponuky', 'Zmena stavu ponuky', 'SUPPLIER')
1346343891381|0|7|statement|insert into NOTIFICATION (ID, CODE, DESCRIPTION, NAME, NOTIFICATIONTYPE) values (?, ?, ?, ?, ?)|insert into NOTIFICATION (ID, CODE, DESCRIPTION, NAME, NOTIFICATIONTYPE) values ('10', 'new.message.client', 'Notifikácia sa odole ked uívate¾ obdrí novu správu v systéme', 'Nová správa', 'CLIENT')
1346343891382|1|7|statement|insert into NOTIFICATION (ID, CODE, DESCRIPTION, NAME, NOTIFICATIONTYPE) values (?, ?, ?, ?, ?)|insert into NOTIFICATION (ID, CODE, DESCRIPTION, NAME, NOTIFICATIONTYPE) values ('11', 'new.info.client', 'Notifikácia o aktualizáciach a novinkách systému', 'Nová správa od systému', 'CLIENT')
1346343891382|0|7|statement|insert into NOTIFICATION (ID, CODE, DESCRIPTION, NAME, NOTIFICATIONTYPE) values (?, ?, ?, ?, ?)|insert into NOTIFICATION (ID, CODE, DESCRIPTION, NAME, NOTIFICATIONTYPE) values ('12', 'new.operator.client', 'Notifikácia o novej správe pre klienta od operátora systému ', 'Nová správa od operátora', 'CLIENT')
1346343891386|0|7|statement|insert into CATEGORY (ID, LEFTBOUND, LEVEL, RIGHTBOUND, CODE, DESCRIPTION, NAME, ADDITIONALINFO_ID, PARENT_ID, TEMPLATE_ID) values (?, ?, ?, ?, ?, ?, ?, ?, ?, ?)|insert into CATEGORY (ID, LEFTBOUND, LEVEL, RIGHTBOUND, CODE, DESCRIPTION, NAME, ADDITIONALINFO_ID, PARENT_ID, TEMPLATE_ID) values ('111', '111', 0, '112', 'cat00', 'Childless root category', 'Root Category 2', '', '', '')
1346343891386|0|7|statement|insert into CATEGORY (ID, LEFTBOUND, LEVEL, RIGHTBOUND, CODE, DESCRIPTION, NAME, ADDITIONALINFO_ID, PARENT_ID, TEMPLATE_ID) values (?, ?, ?, ?, ?, ?, ?, ?, ?, ?)|insert into CATEGORY (ID, LEFTBOUND, LEVEL, RIGHTBOUND, CODE, DESCRIPTION, NAME, ADDITIONALINFO_ID, PARENT_ID, TEMPLATE_ID) values ('1', '1', 0, '32', 'cat0', 'Common ancestor for all categories', 'Root Category', '', '', '')
1346343891387|0|7|statement|insert into CATEGORY (ID, LEFTBOUND, LEVEL, RIGHTBOUND, CODE, DESCRIPTION, NAME, ADDITIONALINFO_ID, PARENT_ID, TEMPLATE_ID) values (?, ?, ?, ?, ?, ?, ?, ?, ?, ?)|insert into CATEGORY (ID, LEFTBOUND, LEVEL, RIGHTBOUND, CODE, DESCRIPTION, NAME, ADDITIONALINFO_ID, PARENT_ID, TEMPLATE_ID) values ('2', '2', 1, '15', 'cat1', 'Category desc 1', 'Category 1', '', '1', '')
1346343891387|0|7|statement|insert into CATEGORY (ID, LEFTBOUND, LEVEL, RIGHTBOUND, CODE, DESCRIPTION, NAME, ADDITIONALINFO_ID, PARENT_ID, TEMPLATE_ID) values (?, ?, ?, ?, ?, ?, ?, ?, ?, ?)|insert into CATEGORY (ID, LEFTBOUND, LEVEL, RIGHTBOUND, CODE, DESCRIPTION, NAME, ADDITIONALINFO_ID, PARENT_ID, TEMPLATE_ID) values ('4', '24', 1, '31', 'cat3', 'Category desc 3', 'Category 3', '', '1', '')
1346343891387|0|7|statement|insert into CATEGORY (ID, LEFTBOUND, LEVEL, RIGHTBOUND, CODE, DESCRIPTION, NAME, ADDITIONALINFO_ID, PARENT_ID, TEMPLATE_ID) values (?, ?, ?, ?, ?, ?, ?, ?, ?, ?)|insert into CATEGORY (ID, LEFTBOUND, LEVEL, RIGHTBOUND, CODE, DESCRIPTION, NAME, ADDITIONALINFO_ID, PARENT_ID, TEMPLATE_ID) values ('3', '16', 1, '23', 'cat2', 'Category desc 2', 'Category 2', '', '1', '')
1346343891388|0|7|statement|insert into CATEGORY (ID, LEFTBOUND, LEVEL, RIGHTBOUND, CODE, DESCRIPTION, NAME, ADDITIONALINFO_ID, PARENT_ID, TEMPLATE_ID) values (?, ?, ?, ?, ?, ?, ?, ?, ?, ?)|insert into CATEGORY (ID, LEFTBOUND, LEVEL, RIGHTBOUND, CODE, DESCRIPTION, NAME, ADDITIONALINFO_ID, PARENT_ID, TEMPLATE_ID) values ('5', '3', 2, '14', 'cat11', 'Category desc 11', 'Category 11', '', '2', '')
1346343891388|0|7|statement|insert into CATEGORY (ID, LEFTBOUND, LEVEL, RIGHTBOUND, CODE, DESCRIPTION, NAME, ADDITIONALINFO_ID, PARENT_ID, TEMPLATE_ID) values (?, ?, ?, ?, ?, ?, ?, ?, ?, ?)|insert into CATEGORY (ID, LEFTBOUND, LEVEL, RIGHTBOUND, CODE, DESCRIPTION, NAME, ADDITIONALINFO_ID, PARENT_ID, TEMPLATE_ID) values ('6', '17', 2, '18', 'cat21', 'Category desc 21', 'Category 21', '', '3', '')
1346343891389|1|7|statement|insert into CATEGORY (ID, LEFTBOUND, LEVEL, RIGHTBOUND, CODE, DESCRIPTION, NAME, ADDITIONALINFO_ID, PARENT_ID, TEMPLATE_ID) values (?, ?, ?, ?, ?, ?, ?, ?, ?, ?)|insert into CATEGORY (ID, LEFTBOUND, LEVEL, RIGHTBOUND, CODE, DESCRIPTION, NAME, ADDITIONALINFO_ID, PARENT_ID, TEMPLATE_ID) values ('7', '19', 2, '20', 'cat22', 'Category desc 22', 'Category 22', '', '3', '')
1346343891389|0|7|statement|insert into CATEGORY (ID, LEFTBOUND, LEVEL, RIGHTBOUND, CODE, DESCRIPTION, NAME, ADDITIONALINFO_ID, PARENT_ID, TEMPLATE_ID) values (?, ?, ?, ?, ?, ?, ?, ?, ?, ?)|insert into CATEGORY (ID, LEFTBOUND, LEVEL, RIGHTBOUND, CODE, DESCRIPTION, NAME, ADDITIONALINFO_ID, PARENT_ID, TEMPLATE_ID) values ('8', '21', 2, '22', 'cat23', 'Category desc 23', 'Category 23', '', '3', '')
1346343891389|0|7|statement|insert into CATEGORY (ID, LEFTBOUND, LEVEL, RIGHTBOUND, CODE, DESCRIPTION, NAME, ADDITIONALINFO_ID, PARENT_ID, TEMPLATE_ID) values (?, ?, ?, ?, ?, ?, ?, ?, ?, ?)|insert into CATEGORY (ID, LEFTBOUND, LEVEL, RIGHTBOUND, CODE, DESCRIPTION, NAME, ADDITIONALINFO_ID, PARENT_ID, TEMPLATE_ID) values ('9', '25', 2, '30', 'cat31', 'Category desc 31', 'Category 31', '', '4', '')
1346343891390|0|7|statement|insert into CATEGORY (ID, LEFTBOUND, LEVEL, RIGHTBOUND, CODE, DESCRIPTION, NAME, ADDITIONALINFO_ID, PARENT_ID, TEMPLATE_ID) values (?, ?, ?, ?, ?, ?, ?, ?, ?, ?)|insert into CATEGORY (ID, LEFTBOUND, LEVEL, RIGHTBOUND, CODE, DESCRIPTION, NAME, ADDITIONALINFO_ID, PARENT_ID, TEMPLATE_ID) values ('10', '4', 3, '5', 'cat111', 'Category desc 111', 'Category 111', '', '5', '')
1346343891390|0|7|statement|insert into CATEGORY (ID, LEFTBOUND, LEVEL, RIGHTBOUND, CODE, DESCRIPTION, NAME, ADDITIONALINFO_ID, PARENT_ID, TEMPLATE_ID) values (?, ?, ?, ?, ?, ?, ?, ?, ?, ?)|insert into CATEGORY (ID, LEFTBOUND, LEVEL, RIGHTBOUND, CODE, DESCRIPTION, NAME, ADDITIONALINFO_ID, PARENT_ID, TEMPLATE_ID) values ('11', '6', 3, '7', 'cat112', 'Category desc 112', 'Category 112', '', '5', '')
1346343891390|0|7|statement|insert into CATEGORY (ID, LEFTBOUND, LEVEL, RIGHTBOUND, CODE, DESCRIPTION, NAME, ADDITIONALINFO_ID, PARENT_ID, TEMPLATE_ID) values (?, ?, ?, ?, ?, ?, ?, ?, ?, ?)|insert into CATEGORY (ID, LEFTBOUND, LEVEL, RIGHTBOUND, CODE, DESCRIPTION, NAME, ADDITIONALINFO_ID, PARENT_ID, TEMPLATE_ID) values ('12', '8', 3, '13', 'cat113', 'Category desc 113', 'Category 113', '', '5', '')
1346343891391|0|7|statement|insert into CATEGORY (ID, LEFTBOUND, LEVEL, RIGHTBOUND, CODE, DESCRIPTION, NAME, ADDITIONALINFO_ID, PARENT_ID, TEMPLATE_ID) values (?, ?, ?, ?, ?, ?, ?, ?, ?, ?)|insert into CATEGORY (ID, LEFTBOUND, LEVEL, RIGHTBOUND, CODE, DESCRIPTION, NAME, ADDITIONALINFO_ID, PARENT_ID, TEMPLATE_ID) values ('13', '26', 3, '27', 'cat311', 'Category desc 311', 'Category 311', '', '9', '')
1346343891391|0|7|statement|insert into CATEGORY (ID, LEFTBOUND, LEVEL, RIGHTBOUND, CODE, DESCRIPTION, NAME, ADDITIONALINFO_ID, PARENT_ID, TEMPLATE_ID) values (?, ?, ?, ?, ?, ?, ?, ?, ?, ?)|insert into CATEGORY (ID, LEFTBOUND, LEVEL, RIGHTBOUND, CODE, DESCRIPTION, NAME, ADDITIONALINFO_ID, PARENT_ID, TEMPLATE_ID) values ('14', '28', 3, '29', 'cat312', 'Category desc 312', 'Category 312', '', '9', '')
1346343891391|0|7|statement|insert into CATEGORY (ID, LEFTBOUND, LEVEL, RIGHTBOUND, CODE, DESCRIPTION, NAME, ADDITIONALINFO_ID, PARENT_ID, TEMPLATE_ID) values (?, ?, ?, ?, ?, ?, ?, ?, ?, ?)|insert into CATEGORY (ID, LEFTBOUND, LEVEL, RIGHTBOUND, CODE, DESCRIPTION, NAME, ADDITIONALINFO_ID, PARENT_ID, TEMPLATE_ID) values ('15', '9', 4, '10', 'cat1131', 'Category desc 1131', 'Category 1131', '', '12', '')
1346343891392|0|7|statement|insert into CATEGORY (ID, LEFTBOUND, LEVEL, RIGHTBOUND, CODE, DESCRIPTION, NAME, ADDITIONALINFO_ID, PARENT_ID, TEMPLATE_ID) values (?, ?, ?, ?, ?, ?, ?, ?, ?, ?)|insert into CATEGORY (ID, LEFTBOUND, LEVEL, RIGHTBOUND, CODE, DESCRIPTION, NAME, ADDITIONALINFO_ID, PARENT_ID, TEMPLATE_ID) values ('16', '11', 4, '12', 'cat1132', 'Category desc 1132', 'Category 1132', '', '12', '')
1346343891394|0|7|statement|insert into RATING (ID, CLIENTMESSAGE, CLIENTRATING, SUPPLIERMESSAGE, SUPPLIERRATING) values (?, ?, ?, ?, ?)|insert into RATING (ID, CLIENTMESSAGE, CLIENTRATING, SUPPLIERMESSAGE, SUPPLIERRATING) values ('1', 'Vechno vpoøádku, akorát jsem nedostal na pivo.', 100, 'Naprostá spokojenost.', 30)
1346343891394|0|7|statement|insert into RATING (ID, CLIENTMESSAGE, CLIENTRATING, SUPPLIERMESSAGE, SUPPLIERRATING) values (?, ?, ?, ?, ?)|insert into RATING (ID, CLIENTMESSAGE, CLIENTRATING, SUPPLIERMESSAGE, SUPPLIERRATING) values ('2', 'Vechno vpoøádku, akorát jsem nedostal na pivo.', 95, 'Naprostá spokojenost.', 50)
1346343891394|0|7|statement|insert into RATING (ID, CLIENTMESSAGE, CLIENTRATING, SUPPLIERMESSAGE, SUPPLIERRATING) values (?, ?, ?, ?, ?)|insert into RATING (ID, CLIENTMESSAGE, CLIENTRATING, SUPPLIERMESSAGE, SUPPLIERRATING) values ('3', 'Vechno vpoøádku, akorát jsem nedostal na pivo.', 60, 'Naprostá spokojenost.', 80)
1346343891395|1|7|statement|insert into RATING (ID, CLIENTMESSAGE, CLIENTRATING, SUPPLIERMESSAGE, SUPPLIERRATING) values (?, ?, ?, ?, ?)|insert into RATING (ID, CLIENTMESSAGE, CLIENTRATING, SUPPLIERMESSAGE, SUPPLIERRATING) values ('4', 'Vechno vpoøádku, akorát jsem nedostal na pivo.', 20, 'Naprostá spokojenost.', 100)
1346343891396|0|7|statement|insert into DEMANDORIGIN (ID, CODE, DESCRIPTION, NAME, URL) values (?, ?, ?, ?, ?)|insert into DEMANDORIGIN (ID, CODE, DESCRIPTION, NAME, URL) values ('1', 'epoptavka.cz', 'poptavky povodom z epoptavka.cz', 'epoptavka.cz', 'http://epoptavka.cz')
1346343891396|0|7|statement|insert into DEMANDORIGIN (ID, CODE, DESCRIPTION, NAME, URL) values (?, ?, ?, ?, ?)|insert into DEMANDORIGIN (ID, CODE, DESCRIPTION, NAME, URL) values ('2', 'poptavam.com', 'Poptavky povodom z poptavam.com', 'poptavam.com', 'http://poptavam.com')
1346343891397|1|7|statement|insert into DEMANDORIGIN (ID, CODE, DESCRIPTION, NAME, URL) values (?, ?, ?, ?, ?)|insert into DEMANDORIGIN (ID, CODE, DESCRIPTION, NAME, URL) values ('3', 'isvzus.cz', 'Poptavky z verejneho  informacneho portalu', 'isvzus.cz', 'http://www.isvzus.cz')
1346343891398|0|7|statement|insert into DEMANDTYPE (ID, CODE, DESCRIPTION) values (?, ?, ?)|insert into DEMANDTYPE (ID, CODE, DESCRIPTION) values ('1', 'normal', '')
1346343891398|0|7|statement|insert into DEMANDTYPE (ID, CODE, DESCRIPTION) values (?, ?, ?)|insert into DEMANDTYPE (ID, CODE, DESCRIPTION) values ('2', 'attractive', '')
1346343891398|0|7|statement|insert into DEMANDTYPE (ID, CODE, DESCRIPTION) values (?, ?, ?)|insert into DEMANDTYPE (ID, CODE, DESCRIPTION) values ('3', 'all', '')
1346343891407|1|7|statement|insert into DEMAND (ID, ATTACHMENTPATH, CREATEDDATE, DESCRIPTION, ENDDATE, FOREIGNCATEGORY, FOREIGNLINK, MAXSUPPLIERS, MINRATING, PRICE, STATUS, TITLE, VALIDTO, CLIENT_ID, ORIGIN_ID, RATING_ID, TYPE_ID) values (?, ?, ?, ?, ?, ?, ?, ?, ?, ?, ?, ?, ?, ?, ?, ?, ?)|insert into DEMAND (ID, ATTACHMENTPATH, CREATEDDATE, DESCRIPTION, ENDDATE, FOREIGNCATEGORY, FOREIGNLINK, MAXSUPPLIERS, MINRATING, PRICE, STATUS, TITLE, VALIDTO, CLIENT_ID, ORIGIN_ID, RATING_ID, TYPE_ID) values ('1', '', '2011-11-01 13:33:33.0', '1: Normal request for java application.', '', '', '', '', '', '10000', 'NEW', 'Demand 1', '', '111111111', '', '1', '1')
1346343891408|0|7|statement|insert into DEMAND (ID, ATTACHMENTPATH, CREATEDDATE, DESCRIPTION, ENDDATE, FOREIGNCATEGORY, FOREIGNLINK, MAXSUPPLIERS, MINRATING, PRICE, STATUS, TITLE, VALIDTO, CLIENT_ID, ORIGIN_ID, RATING_ID, TYPE_ID) values (?, ?, ?, ?, ?, ?, ?, ?, ?, ?, ?, ?, ?, ?, ?, ?, ?)|insert into DEMAND (ID, ATTACHMENTPATH, CREATEDDATE, DESCRIPTION, ENDDATE, FOREIGNCATEGORY, FOREIGNLINK, MAXSUPPLIERS, MINRATING, PRICE, STATUS, TITLE, VALIDTO, CLIENT_ID, ORIGIN_ID, RATING_ID, TYPE_ID) values ('2', '', '2011-11-02 00:00:01.0', '2: Attractive request for java application.', '', '', '', '', '', '10000', 'ACTIVE', 'Demand 2', '', '111111111', '', '2', '2')
1346343891410|1|7|statement|insert into DEMAND (ID, ATTACHMENTPATH, CREATEDDATE, DESCRIPTION, ENDDATE, FOREIGNCATEGORY, FOREIGNLINK, MAXSUPPLIERS, MINRATING, PRICE, STATUS, TITLE, VALIDTO, CLIENT_ID, ORIGIN_ID, RATING_ID, TYPE_ID) values (?, ?, ?, ?, ?, ?, ?, ?, ?, ?, ?, ?, ?, ?, ?, ?, ?)|insert into DEMAND (ID, ATTACHMENTPATH, CREATEDDATE, DESCRIPTION, ENDDATE, FOREIGNCATEGORY, FOREIGNLINK, MAXSUPPLIERS, MINRATING, PRICE, STATUS, TITLE, VALIDTO, CLIENT_ID, ORIGIN_ID, RATING_ID, TYPE_ID) values ('3', '', '2001-01-01 00:00:01.0', '3: All request for java application.', '', '', '', '', '', '1200', 'INVALID', 'Demand 3', '', '111111113', '', '3', '1')
1346343891411|0|7|statement|insert into DEMAND (ID, ATTACHMENTPATH, CREATEDDATE, DESCRIPTION, ENDDATE, FOREIGNCATEGORY, FOREIGNLINK, MAXSUPPLIERS, MINRATING, PRICE, STATUS, TITLE, VALIDTO, CLIENT_ID, ORIGIN_ID, RATING_ID, TYPE_ID) values (?, ?, ?, ?, ?, ?, ?, ?, ?, ?, ?, ?, ?, ?, ?, ?, ?)|insert into DEMAND (ID, ATTACHMENTPATH, CREATEDDATE, DESCRIPTION, ENDDATE, FOREIGNCATEGORY, FOREIGNLINK, MAXSUPPLIERS, MINRATING, PRICE, STATUS, TITLE, VALIDTO, CLIENT_ID, ORIGIN_ID, RATING_ID, TYPE_ID) values ('4', '', '2001-01-01 00:00:01.0', '4: Normal request for java application.', '', '', '', '', '', '', 'INVALID', 'Demand 4', '', '111111114', '', '4', '1')
1346343891412|0|7|statement|insert into DEMAND (ID, ATTACHMENTPATH, CREATEDDATE, DESCRIPTION, ENDDATE, FOREIGNCATEGORY, FOREIGNLINK, MAXSUPPLIERS, MINRATING, PRICE, STATUS, TITLE, VALIDTO, CLIENT_ID, ORIGIN_ID, RATING_ID, TYPE_ID) values (?, ?, ?, ?, ?, ?, ?, ?, ?, ?, ?, ?, ?, ?, ?, ?, ?)|insert into DEMAND (ID, ATTACHMENTPATH, CREATEDDATE, DESCRIPTION, ENDDATE, FOREIGNCATEGORY, FOREIGNLINK, MAXSUPPLIERS, MINRATING, PRICE, STATUS, TITLE, VALIDTO, CLIENT_ID, ORIGIN_ID, RATING_ID, TYPE_ID) values ('5', '', '2010-10-01 13:33:33.0', '5: Attractive request for java application.', '', '', '', '', '', '', 'INVALID', 'Demand 5', '', '', '', '', '2')
1346343891413|0|7|statement|insert into DEMAND (ID, ATTACHMENTPATH, CREATEDDATE, DESCRIPTION, ENDDATE, FOREIGNCATEGORY, FOREIGNLINK, MAXSUPPLIERS, MINRATING, PRICE, STATUS, TITLE, VALIDTO, CLIENT_ID, ORIGIN_ID, RATING_ID, TYPE_ID) values (?, ?, ?, ?, ?, ?, ?, ?, ?, ?, ?, ?, ?, ?, ?, ?, ?)|insert into DEMAND (ID, ATTACHMENTPATH, CREATEDDATE, DESCRIPTION, ENDDATE, FOREIGNCATEGORY, FOREIGNLINK, MAXSUPPLIERS, MINRATING, PRICE, STATUS, TITLE, VALIDTO, CLIENT_ID, ORIGIN_ID, RATING_ID, TYPE_ID) values ('6', '', '2001-01-01 00:00:01.0', '6: All request for java application.', '', '', '', '', '', '444', 'INVALID', 'Demand 6', '', '', '', '', '1')
1346343891414|1|7|statement|insert into DEMAND (ID, ATTACHMENTPATH, CREATEDDATE, DESCRIPTION, ENDDATE, FOREIGNCATEGORY, FOREIGNLINK, MAXSUPPLIERS, MINRATING, PRICE, STATUS, TITLE, VALIDTO, CLIENT_ID, ORIGIN_ID, RATING_ID, TYPE_ID) values (?, ?, ?, ?, ?, ?, ?, ?, ?, ?, ?, ?, ?, ?, ?, ?, ?)|insert into DEMAND (ID, ATTACHMENTPATH, CREATEDDATE, DESCRIPTION, ENDDATE, FOREIGNCATEGORY, FOREIGNLINK, MAXSUPPLIERS, MINRATING, PRICE, STATUS, TITLE, VALIDTO, CLIENT_ID, ORIGIN_ID, RATING_ID, TYPE_ID) values ('7', '', '2001-01-01 00:00:01.0', '7: Normal request for java application.', '', '', '', '', '', '1110', 'NEW', 'Demand 7', '', '', '', '', '1')
1346343891415|1|7|statement|insert into DEMAND (ID, ATTACHMENTPATH, CREATEDDATE, DESCRIPTION, ENDDATE, FOREIGNCATEGORY, FOREIGNLINK, MAXSUPPLIERS, MINRATING, PRICE, STATUS, TITLE, VALIDTO, CLIENT_ID, ORIGIN_ID, RATING_ID, TYPE_ID) values (?, ?, ?, ?, ?, ?, ?, ?, ?, ?, ?, ?, ?, ?, ?, ?, ?)|insert into DEMAND (ID, ATTACHMENTPATH, CREATEDDATE, DESCRIPTION, ENDDATE, FOREIGNCATEGORY, FOREIGNLINK, MAXSUPPLIERS, MINRATING, PRICE, STATUS, TITLE, VALIDTO, CLIENT_ID, ORIGIN_ID, RATING_ID, TYPE_ID) values ('8', '', '2001-01-01 00:00:01.0', '8: Normal request for java application.', '', '', '', '', '', '9000000', 'NEW', 'Demand 8', '', '', '', '', '1')
1346343891416|1|7|statement|insert into DEMAND (ID, ATTACHMENTPATH, CREATEDDATE, DESCRIPTION, ENDDATE, FOREIGNCATEGORY, FOREIGNLINK, MAXSUPPLIERS, MINRATING, PRICE, STATUS, TITLE, VALIDTO, CLIENT_ID, ORIGIN_ID, RATING_ID, TYPE_ID) values (?, ?, ?, ?, ?, ?, ?, ?, ?, ?, ?, ?, ?, ?, ?, ?, ?)|insert into DEMAND (ID, ATTACHMENTPATH, CREATEDDATE, DESCRIPTION, ENDDATE, FOREIGNCATEGORY, FOREIGNLINK, MAXSUPPLIERS, MINRATING, PRICE, STATUS, TITLE, VALIDTO, CLIENT_ID, ORIGIN_ID, RATING_ID, TYPE_ID) values ('9', '', '2001-01-01 00:00:01.0', '9: Normal request for java application.', '', '', '', '', '', '', 'NEW', 'Demand 9', '', '', '', '', '1')
1346343891416|0|7|statement|insert into DEMAND (ID, ATTACHMENTPATH, CREATEDDATE, DESCRIPTION, ENDDATE, FOREIGNCATEGORY, FOREIGNLINK, MAXSUPPLIERS, MINRATING, PRICE, STATUS, TITLE, VALIDTO, CLIENT_ID, ORIGIN_ID, RATING_ID, TYPE_ID) values (?, ?, ?, ?, ?, ?, ?, ?, ?, ?, ?, ?, ?, ?, ?, ?, ?)|insert into DEMAND (ID, ATTACHMENTPATH, CREATEDDATE, DESCRIPTION, ENDDATE, FOREIGNCATEGORY, FOREIGNLINK, MAXSUPPLIERS, MINRATING, PRICE, STATUS, TITLE, VALIDTO, CLIENT_ID, ORIGIN_ID, RATING_ID, TYPE_ID) values ('10', '', '2010-10-01 13:33:34.0', '10: Attractive request for java application.', '', '', '', '', '', '10000', 'NEW', 'Demand 10', '', '', '', '', '2')
1346343891419|1|7|statement|insert into DEMAND_CATEGORY (ID, CATEGORY_ID, DEMAND_ID) values (?, ?, ?)|insert into DEMAND_CATEGORY (ID, CATEGORY_ID, DEMAND_ID) values ('1', '1', '1')
1346343891419|0|7|statement|insert into DEMAND_CATEGORY (ID, CATEGORY_ID, DEMAND_ID) values (?, ?, ?)|insert into DEMAND_CATEGORY (ID, CATEGORY_ID, DEMAND_ID) values ('2', '2', '2')
1346343891419|0|7|statement|insert into DEMAND_CATEGORY (ID, CATEGORY_ID, DEMAND_ID) values (?, ?, ?)|insert into DEMAND_CATEGORY (ID, CATEGORY_ID, DEMAND_ID) values ('3', '3', '3')
1346343891419|0|7|statement|insert into DEMAND_CATEGORY (ID, CATEGORY_ID, DEMAND_ID) values (?, ?, ?)|insert into DEMAND_CATEGORY (ID, CATEGORY_ID, DEMAND_ID) values ('4', '4', '4')
1346343891420|1|7|statement|insert into DEMAND_CATEGORY (ID, CATEGORY_ID, DEMAND_ID) values (?, ?, ?)|insert into DEMAND_CATEGORY (ID, CATEGORY_ID, DEMAND_ID) values ('5', '5', '5')
1346343891420|0|7|statement|insert into DEMAND_CATEGORY (ID, CATEGORY_ID, DEMAND_ID) values (?, ?, ?)|insert into DEMAND_CATEGORY (ID, CATEGORY_ID, DEMAND_ID) values ('6', '5', '6')
1346343891420|0|7|statement|insert into DEMAND_CATEGORY (ID, CATEGORY_ID, DEMAND_ID) values (?, ?, ?)|insert into DEMAND_CATEGORY (ID, CATEGORY_ID, DEMAND_ID) values ('7', '9', '7')
1346343891420|0|7|statement|insert into DEMAND_CATEGORY (ID, CATEGORY_ID, DEMAND_ID) values (?, ?, ?)|insert into DEMAND_CATEGORY (ID, CATEGORY_ID, DEMAND_ID) values ('8', '11', '8')
1346343891420|0|7|statement|insert into DEMAND_CATEGORY (ID, CATEGORY_ID, DEMAND_ID) values (?, ?, ?)|insert into DEMAND_CATEGORY (ID, CATEGORY_ID, DEMAND_ID) values ('9', '14', '9')
1346343891421|1|7|statement|insert into DEMAND_CATEGORY (ID, CATEGORY_ID, DEMAND_ID) values (?, ?, ?)|insert into DEMAND_CATEGORY (ID, CATEGORY_ID, DEMAND_ID) values ('10', '16', '10')
1346343891423|1|7|statement|insert into DEMAND_LOCALITY (ID, DEMAND_ID, LOCALITY_ID) values (?, ?, ?)|insert into DEMAND_LOCALITY (ID, DEMAND_ID, LOCALITY_ID) values ('1', '1', '1')
1346343891423|0|7|statement|insert into DEMAND_LOCALITY (ID, DEMAND_ID, LOCALITY_ID) values (?, ?, ?)|insert into DEMAND_LOCALITY (ID, DEMAND_ID, LOCALITY_ID) values ('2', '2', '2')
1346343891423|0|7|statement|insert into DEMAND_LOCALITY (ID, DEMAND_ID, LOCALITY_ID) values (?, ?, ?)|insert into DEMAND_LOCALITY (ID, DEMAND_ID, LOCALITY_ID) values ('3', '3', '2')
1346343891424|1|7|statement|insert into DEMAND_LOCALITY (ID, DEMAND_ID, LOCALITY_ID) values (?, ?, ?)|insert into DEMAND_LOCALITY (ID, DEMAND_ID, LOCALITY_ID) values ('4', '4', '3')
1346343891424|0|7|statement|insert into DEMAND_LOCALITY (ID, DEMAND_ID, LOCALITY_ID) values (?, ?, ?)|insert into DEMAND_LOCALITY (ID, DEMAND_ID, LOCALITY_ID) values ('5', '5', '3')
1346343891424|0|7|statement|insert into DEMAND_LOCALITY (ID, DEMAND_ID, LOCALITY_ID) values (?, ?, ?)|insert into DEMAND_LOCALITY (ID, DEMAND_ID, LOCALITY_ID) values ('6', '6', '3')
1346343891424|0|7|statement|insert into DEMAND_LOCALITY (ID, DEMAND_ID, LOCALITY_ID) values (?, ?, ?)|insert into DEMAND_LOCALITY (ID, DEMAND_ID, LOCALITY_ID) values ('7', '7', '3')
1346343891424|0|7|statement|insert into DEMAND_LOCALITY (ID, DEMAND_ID, LOCALITY_ID) values (?, ?, ?)|insert into DEMAND_LOCALITY (ID, DEMAND_ID, LOCALITY_ID) values ('8', '8', '6')
1346343891425|1|7|statement|insert into DEMAND_LOCALITY (ID, DEMAND_ID, LOCALITY_ID) values (?, ?, ?)|insert into DEMAND_LOCALITY (ID, DEMAND_ID, LOCALITY_ID) values ('9', '9', '8')
1346343891425|0|7|statement|insert into DEMAND_LOCALITY (ID, DEMAND_ID, LOCALITY_ID) values (?, ?, ?)|insert into DEMAND_LOCALITY (ID, DEMAND_ID, LOCALITY_ID) values ('10', '10', '2')
1346343891427|0|7|statement|insert into DEMAND_SUPPLIER (DEMAND_ID, SUPPLIER_ID) values (?, ?)|insert into DEMAND_SUPPLIER (DEMAND_ID, SUPPLIER_ID) values ('1', '1111111114')
1346343891427|0|7|statement|insert into DEMAND_SUPPLIER (DEMAND_ID, SUPPLIER_ID) values (?, ?)|insert into DEMAND_SUPPLIER (DEMAND_ID, SUPPLIER_ID) values ('2', '1111111114')
1346343891427|0|7|statement|insert into DEMAND_SUPPLIER (DEMAND_ID, SUPPLIER_ID) values (?, ?)|insert into DEMAND_SUPPLIER (DEMAND_ID, SUPPLIER_ID) values ('3', '1111111111')
1346343891427|0|7|statement|insert into DEMAND_SUPPLIER (DEMAND_ID, SUPPLIER_ID) values (?, ?)|insert into DEMAND_SUPPLIER (DEMAND_ID, SUPPLIER_ID) values ('4', '1111111111')
1346343891435|0|7|statement|select user0_.id as id29_, user0_.activationEmail_id as activati4_29_, user0_.email as email29_, user0_.password as password29_, user0_.settings_id as settings5_29_, user0_1_.businessType as business1_30_, user0_1_.businessUserData_id as business3_30_, case when user0_1_.id is not null then 1 when user0_.id is not null then 0 end as clazz_ from UserT user0_ left outer join BusinessUser user0_1_ on user0_.id=user0_1_.id where user0_.email=? limit ?|select user0_.id as id29_, user0_.activationEmail_id as activati4_29_, user0_.email as email29_, user0_.password as password29_, user0_.settings_id as settings5_29_, user0_1_.businessType as business1_30_, user0_1_.businessUserData_id as business3_30_, case when user0_1_.id is not null then 1 when user0_.id is not null then 0 end as clazz_ from UserT user0_ left outer join BusinessUser user0_1_ on user0_.id=user0_1_.id where user0_.email='elvira@email.com' limit 2
1346343891445|-1||resultset|select user0_.id as id29_, user0_.activationEmail_id as activati4_29_, user0_.email as email29_, user0_.password as password29_, user0_.settings_id as settings5_29_, user0_1_.businessType as business1_30_, user0_1_.businessUserData_id as business3_30_, case when user0_1_.id is not null then 1 when user0_.id is not null then 0 end as clazz_ from UserT user0_ left outer join BusinessUser user0_1_ on user0_.id=user0_1_.id where user0_.email='elvira@email.com' limit 2|clazz_ = 1, email29_ = elvira@email.com, password29_ = 7xuGUhtNhAUbPEbU9YwZDoEceO1E45E/RWiELMGVCOm6QIDDVthJK/DJLqxKPfae
1346343891454|0|7|statement|select settings0_.id as id28_0_ from SettingsT settings0_ where settings0_.id=?|select settings0_.id as id28_0_ from SettingsT settings0_ where settings0_.id=1
1346343891454|-1||resultset|select settings0_.id as id28_0_ from SettingsT settings0_ where settings0_.id=1|
1346343891456|0|7|statement|select businessus0_.id as id31_0_, businessus0_.companyName as companyN2_31_0_, businessus0_.description as descript3_31_0_, businessus0_.identificationNumber as identifi4_31_0_, businessus0_.personFirstName as personFi5_31_0_, businessus0_.personLastName as personLa6_31_0_, businessus0_.phone as phone31_0_, businessus0_.taxId as taxId31_0_, businessus0_.website as website31_0_ from BusinessUserData businessus0_ where businessus0_.id=?|select businessus0_.id as id31_0_, businessus0_.companyName as companyN2_31_0_, businessus0_.description as descript3_31_0_, businessus0_.identificationNumber as identifi4_31_0_, businessus0_.personFirstName as personFi5_31_0_, businessus0_.personLastName as personLa6_31_0_, businessus0_.phone as phone31_0_, businessus0_.taxId as taxId31_0_, businessus0_.website as website31_0_ from BusinessUserData businessus0_ where businessus0_.id=111111111
1346343891456|-1||resultset|select businessus0_.id as id31_0_, businessus0_.companyName as companyN2_31_0_, businessus0_.description as descript3_31_0_, businessus0_.identificationNumber as identifi4_31_0_, businessus0_.personFirstName as personFi5_31_0_, businessus0_.personLastName as personLa6_31_0_, businessus0_.phone as phone31_0_, businessus0_.taxId as taxId31_0_, businessus0_.website as website31_0_ from BusinessUserData businessus0_ where businessus0_.id=111111111|companyN2_31_0_ = My First Company, descript3_31_0_ = null, identifi4_31_0_ = null, personFi5_31_0_ = Elvíra, personLa6_31_0_ = Vytretá, phone31_0_ = null, taxId31_0_ = null, website31_0_ = null
1346343891685|0|7|statement|select accessrole0_.UserT_id as UserT1_29_1_, accessrole0_.accessRoles_id as accessRo2_1_, accessrole1_.id as id36_0_, accessrole1_.code as code36_0_, accessrole1_.description as descript3_36_0_, accessrole1_.name as name36_0_ from UserT_AccessRole accessrole0_ inner join AccessRole accessrole1_ on accessrole0_.accessRoles_id=accessrole1_.id where accessrole0_.UserT_id=?|select accessrole0_.UserT_id as UserT1_29_1_, accessrole0_.accessRoles_id as accessRo2_1_, accessrole1_.id as id36_0_, accessrole1_.code as code36_0_, accessrole1_.description as descript3_36_0_, accessrole1_.name as name36_0_ from UserT_AccessRole accessrole0_ inner join AccessRole accessrole1_ on accessrole0_.accessRoles_id=accessrole1_.id where accessrole0_.UserT_id=111111111
1346343891688|-1||resultset|select accessrole0_.UserT_id as UserT1_29_1_, accessrole0_.accessRoles_id as accessRo2_1_, accessrole1_.id as id36_0_, accessrole1_.code as code36_0_, accessrole1_.description as descript3_36_0_, accessrole1_.name as name36_0_ from UserT_AccessRole accessrole0_ inner join AccessRole accessrole1_ on accessrole0_.accessRoles_id=accessrole1_.id where accessrole0_.UserT_id=111111111|code36_0_ = test.access.role, descript3_36_0_ = Useful only for testing, name36_0_ = Test access role
1346343891689|-1||resultset|select accessrole0_.UserT_id as UserT1_29_1_, accessrole0_.accessRoles_id as accessRo2_1_, accessrole1_.id as id36_0_, accessrole1_.code as code36_0_, accessrole1_.description as descript3_36_0_, accessrole1_.name as name36_0_ from UserT_AccessRole accessrole0_ inner join AccessRole accessrole1_ on accessrole0_.accessRoles_id=accessrole1_.id where accessrole0_.UserT_id=111111111|code36_0_ = ROLE_CLIENT, descript3_36_0_ = Real client role - the same as in production, name36_0_ = Client access role
1346343891751|1|7|statement|select this_.id as id32_5_, this_1_.businessUser_id as business3_32_5_, this_1_.verification as verifica2_32_5_, this_.overalRating as overalRa1_33_5_, businessus1_.id as id29_0_, businessus1_1_.activationEmail_id as activati4_29_0_, businessus1_1_.email as email29_0_, businessus1_1_.password as password29_0_, businessus1_1_.settings_id as settings5_29_0_, businessus1_.businessType as business1_30_0_, businessus1_.businessUserData_id as business3_30_0_, activation5_.id as id0_1_, activation5_.activationLink as activati2_0_1_, activation5_.validTo as validTo0_1_, settings6_.id as id28_2_, businessus2_.id as id31_3_, businessus2_.companyName as companyN2_31_3_, businessus2_.description as descript3_31_3_, businessus2_.identificationNumber as identifi4_31_3_, businessus2_.personFirstName as personFi5_31_3_, businessus2_.personLastName as personLa6_31_3_, businessus2_.phone as phone31_3_, businessus2_.taxId as taxId31_3_, businessus2_.website as website31_3_, supplierbl8_.id as id40_4_, supplierbl8_.client_id as client2_40_4_ from Client this_ inner join BusinessUserRole this_1_ on this_.id=this_1_.id inner join BusinessUser businessus1_ on this_1_.businessUser_id=businessus1_.id left outer join UserT businessus1_1_ on businessus1_.id=businessus1_1_.id left outer join ActivationEmail activation5_ on businessus1_1_.activationEmail_id=activation5_.id left outer join SettingsT settings6_ on businessus1_1_.settings_id=settings6_.id inner join BusinessUserData businessus2_ on businessus1_.businessUserData_id=businessus2_.id left outer join SupplierBlacklist supplierbl8_ on this_.id=supplierbl8_.client_id where (businessus1_1_.email=?) and (1=1)|select this_.id as id32_5_, this_1_.businessUser_id as business3_32_5_, this_1_.verification as verifica2_32_5_, this_.overalRating as overalRa1_33_5_, businessus1_.id as id29_0_, businessus1_1_.activationEmail_id as activati4_29_0_, businessus1_1_.email as email29_0_, businessus1_1_.password as password29_0_, businessus1_1_.settings_id as settings5_29_0_, businessus1_.businessType as business1_30_0_, businessus1_.businessUserData_id as business3_30_0_, activation5_.id as id0_1_, activation5_.activationLink as activati2_0_1_, activation5_.validTo as validTo0_1_, settings6_.id as id28_2_, businessus2_.id as id31_3_, businessus2_.companyName as companyN2_31_3_, businessus2_.description as descript3_31_3_, businessus2_.identificationNumber as identifi4_31_3_, businessus2_.personFirstName as personFi5_31_3_, businessus2_.personLastName as personLa6_31_3_, businessus2_.phone as phone31_3_, businessus2_.taxId as taxId31_3_, businessus2_.website as website31_3_, supplierbl8_.id as id40_4_, supplierbl8_.client_id as client2_40_4_ from Client this_ inner join BusinessUserRole this_1_ on this_.id=this_1_.id inner join BusinessUser businessus1_ on this_1_.businessUser_id=businessus1_.id left outer join UserT businessus1_1_ on businessus1_.id=businessus1_1_.id left outer join ActivationEmail activation5_ on businessus1_1_.activationEmail_id=activation5_.id left outer join SettingsT settings6_ on businessus1_1_.settings_id=settings6_.id inner join BusinessUserData businessus2_ on businessus1_.businessUserData_id=businessus2_.id left outer join SupplierBlacklist supplierbl8_ on this_.id=supplierbl8_.client_id where (businessus1_1_.email='elvira@email.com') and (1=1)
1346343891752|-1||resultset|select this_.id as id32_5_, this_1_.businessUser_id as business3_32_5_, this_1_.verification as verifica2_32_5_, this_.overalRating as overalRa1_33_5_, businessus1_.id as id29_0_, businessus1_1_.activationEmail_id as activati4_29_0_, businessus1_1_.email as email29_0_, businessus1_1_.password as password29_0_, businessus1_1_.settings_id as settings5_29_0_, businessus1_.businessType as business1_30_0_, businessus1_.businessUserData_id as business3_30_0_, activation5_.id as id0_1_, activation5_.activationLink as activati2_0_1_, activation5_.validTo as validTo0_1_, settings6_.id as id28_2_, businessus2_.id as id31_3_, businessus2_.companyName as companyN2_31_3_, businessus2_.description as descript3_31_3_, businessus2_.identificationNumber as identifi4_31_3_, businessus2_.personFirstName as personFi5_31_3_, businessus2_.personLastName as personLa6_31_3_, businessus2_.phone as phone31_3_, businessus2_.taxId as taxId31_3_, businessus2_.website as website31_3_, supplierbl8_.id as id40_4_, supplierbl8_.client_id as client2_40_4_ from Client this_ inner join BusinessUserRole this_1_ on this_.id=this_1_.id inner join BusinessUser businessus1_ on this_1_.businessUser_id=businessus1_.id left outer join UserT businessus1_1_ on businessus1_.id=businessus1_1_.id left outer join ActivationEmail activation5_ on businessus1_1_.activationEmail_id=activation5_.id left outer join SettingsT settings6_ on businessus1_1_.settings_id=settings6_.id inner join BusinessUserData businessus2_ on businessus1_.businessUserData_id=businessus2_.id left outer join SupplierBlacklist supplierbl8_ on this_.id=supplierbl8_.client_id where (businessus1_1_.email='elvira@email.com') and (1=1)|overalRa1_33_5_ = 0
1346343891757|0|7|statement|select demands0_.client_id as client14_32_3_, demands0_.id as id3_, demands0_.id as id6_2_, demands0_.attachmentPath as attachme2_6_2_, demands0_.client_id as client14_6_2_, demands0_.createdDate as createdD3_6_2_, demands0_.description as descript4_6_2_, demands0_.endDate as endDate6_2_, demands0_.foreignCategory as foreignC6_6_2_, demands0_.foreignLink as foreignL7_6_2_, demands0_.maxSuppliers as maxSuppl8_6_2_, demands0_.minRating as minRating6_2_, demands0_.origin_id as origin15_6_2_, demands0_.price as price6_2_, demands0_.rating_id as rating16_6_2_, demands0_.status as status6_2_, demands0_.title as title6_2_, demands0_.type_id as type17_6_2_, demands0_.validTo as validTo6_2_, demandorig1_.id as id9_0_, demandorig1_.code as code9_0_, demandorig1_.description as descript3_9_0_, demandorig1_.name as name9_0_, demandorig1_.url as url9_0_, demandtype2_.id as id10_1_, demandtype2_.code as code10_1_, demandtype2_.description as descript3_10_1_ from Demand demands0_ left outer join DemandOrigin demandorig1_ on demands0_.origin_id=demandorig1_.id inner join DemandType demandtype2_ on demands0_.type_id=demandtype2_.id where demands0_.client_id=?|select demands0_.client_id as client14_32_3_, demands0_.id as id3_, demands0_.id as id6_2_, demands0_.attachmentPath as attachme2_6_2_, demands0_.client_id as client14_6_2_, demands0_.createdDate as createdD3_6_2_, demands0_.description as descript4_6_2_, demands0_.endDate as endDate6_2_, demands0_.foreignCategory as foreignC6_6_2_, demands0_.foreignLink as foreignL7_6_2_, demands0_.maxSuppliers as maxSuppl8_6_2_, demands0_.minRating as minRating6_2_, demands0_.origin_id as origin15_6_2_, demands0_.price as price6_2_, demands0_.rating_id as rating16_6_2_, demands0_.status as status6_2_, demands0_.title as title6_2_, demands0_.type_id as type17_6_2_, demands0_.validTo as validTo6_2_, demandorig1_.id as id9_0_, demandorig1_.code as code9_0_, demandorig1_.description as descript3_9_0_, demandorig1_.name as name9_0_, demandorig1_.url as url9_0_, demandtype2_.id as id10_1_, demandtype2_.code as code10_1_, demandtype2_.description as descript3_10_1_ from Demand demands0_ left outer join DemandOrigin demandorig1_ on demands0_.origin_id=demandorig1_.id inner join DemandType demandtype2_ on demands0_.type_id=demandtype2_.id where demands0_.client_id=111111111
1346343891764|-1||resultset|select demands0_.client_id as client14_32_3_, demands0_.id as id3_, demands0_.id as id6_2_, demands0_.attachmentPath as attachme2_6_2_, demands0_.client_id as client14_6_2_, demands0_.createdDate as createdD3_6_2_, demands0_.description as descript4_6_2_, demands0_.endDate as endDate6_2_, demands0_.foreignCategory as foreignC6_6_2_, demands0_.foreignLink as foreignL7_6_2_, demands0_.maxSuppliers as maxSuppl8_6_2_, demands0_.minRating as minRating6_2_, demands0_.origin_id as origin15_6_2_, demands0_.price as price6_2_, demands0_.rating_id as rating16_6_2_, demands0_.status as status6_2_, demands0_.title as title6_2_, demands0_.type_id as type17_6_2_, demands0_.validTo as validTo6_2_, demandorig1_.id as id9_0_, demandorig1_.code as code9_0_, demandorig1_.description as descript3_9_0_, demandorig1_.name as name9_0_, demandorig1_.url as url9_0_, demandtype2_.id as id10_1_, demandtype2_.code as code10_1_, demandtype2_.description as descript3_10_1_ from Demand demands0_ left outer join DemandOrigin demandorig1_ on demands0_.origin_id=demandorig1_.id inner join DemandType demandtype2_ on demands0_.type_id=demandtype2_.id where demands0_.client_id=111111111|attachme2_6_2_ = null, code10_1_ = normal, descript3_10_1_ = null, foreignC6_6_2_ = null, foreignL7_6_2_ = null, maxSuppl8_6_2_ = 0, minRating6_2_ = 0, title6_2_ = Demand 1
1346343891765|-1||resultset|select demands0_.client_id as client14_32_3_, demands0_.id as id3_, demands0_.id as id6_2_, demands0_.attachmentPath as attachme2_6_2_, demands0_.client_id as client14_6_2_, demands0_.createdDate as createdD3_6_2_, demands0_.description as descript4_6_2_, demands0_.endDate as endDate6_2_, demands0_.foreignCategory as foreignC6_6_2_, demands0_.foreignLink as foreignL7_6_2_, demands0_.maxSuppliers as maxSuppl8_6_2_, demands0_.minRating as minRating6_2_, demands0_.origin_id as origin15_6_2_, demands0_.price as price6_2_, demands0_.rating_id as rating16_6_2_, demands0_.status as status6_2_, demands0_.title as title6_2_, demands0_.type_id as type17_6_2_, demands0_.validTo as validTo6_2_, demandorig1_.id as id9_0_, demandorig1_.code as code9_0_, demandorig1_.description as descript3_9_0_, demandorig1_.name as name9_0_, demandorig1_.url as url9_0_, demandtype2_.id as id10_1_, demandtype2_.code as code10_1_, demandtype2_.description as descript3_10_1_ from Demand demands0_ left outer join DemandOrigin demandorig1_ on demands0_.origin_id=demandorig1_.id inner join DemandType demandtype2_ on demands0_.type_id=demandtype2_.id where demands0_.client_id=111111111|attachme2_6_2_ = null, code10_1_ = attractive, descript3_10_1_ = null, foreignC6_6_2_ = null, foreignL7_6_2_ = null, maxSuppl8_6_2_ = 0, minRating6_2_ = 0, title6_2_ = Demand 2
1346343891771|2|7|rollback||
